#
# There is insufficient memory for the Java Runtime Environment to continue.
# Native memory allocation (mmap) failed to map 67108864 bytes for G1 virtual space
# Possible reasons:
#   The system is out of physical RAM or swap space
#   The process is running with CompressedOops enabled, and the Java Heap may be blocking the growth of the native heap
# Possible solutions:
#   Reduce memory load on the system
#   Increase physical memory or swap space
#   Check if swap backing store is full
#   Decrease Java heap size (-Xmx/-Xms)
#   Decrease number of Java threads
#   Decrease Java thread stack sizes (-Xss)
#   Set larger code cache with -XX:ReservedCodeCacheSize=
#   JVM is running with Unscaled Compressed Oops mode in which the Java heap is
#     placed in the first 4GB address space. The Java Heap base address is the
#     maximum limit for the native heap growth. Please use -XX:HeapBaseMinAddress
#     to set the Java Heap base and to place the Java Heap above 4GB virtual address.
# This output file may be truncated or incomplete.
#
#  Out of Memory Error (os_windows.cpp:3613), pid=23844, tid=18604
#
# JRE version:  (17.0.10+7) (build )
# Java VM: OpenJDK 64-Bit Server VM (17.0.10+7-LTS, mixed mode, sharing, tiered, compressed oops, compressed class ptrs, g1 gc, windows-amd64)
# No core dump will be written. Minidumps are not enabled by default on client versions of Windows
#

---------------  S U M M A R Y ------------

Command Line: -Xmx64m -Xms64m -Dorg.gradle.appname=gradlew org.gradle.wrapper.GradleWrapperMain app:installDebug -PreactNativeDevServerPort=8081

Host: AMD Ryzen 5 5600H with Radeon Graphics         , 12 cores, 5G,  Windows 11 , 64 bit Build 22621 (10.0.22621.3374)
Time: Tue May  7 18:03:18 2024 Afr. centrale Ouest elapsed time: 0.021318 seconds (0d 0h 0m 0s)

---------------  T H R E A D  ---------------

Current thread (0x00000180c6de5250):  JavaThread "Unknown thread" [_thread_in_vm, id=18604, stack(0x00000039b3000000,0x00000039b3100000)]

Stack: [0x00000039b3000000,0x00000039b3100000]
Native frames: (J=compiled Java code, j=interpreted, Vv=VM code, C=native code)
V  [jvm.dll+0x67f829]
V  [jvm.dll+0x83750a]
V  [jvm.dll+0x838fce]
V  [jvm.dll+0x839633]
V  [jvm.dll+0x247cbf]
V  [jvm.dll+0x67c669]
V  [jvm.dll+0x6710da]
V  [jvm.dll+0x309b8b]
V  [jvm.dll+0x311036]
V  [jvm.dll+0x360d5e]
V  [jvm.dll+0x360f8f]
V  [jvm.dll+0x2e0798]
V  [jvm.dll+0x2e1704]
V  [jvm.dll+0x808d91]
V  [jvm.dll+0x36ec11]
V  [jvm.dll+0x7e7826]
V  [jvm.dll+0x3f245f]
V  [jvm.dll+0x3f4091]
C  [jli.dll+0x528f]
C  [ucrtbase.dll+0x29333]
C  [KERNEL32.DLL+0x1257d]
C  [ntdll.dll+0x5aa48]


---------------  P R O C E S S  ---------------

Threads class SMR info:
_java_thread_list=0x00007ffe664d1ed8, length=0, elements={
}

Java Threads: ( => current thread )

Other Threads:
  0x00000180c6e04630 GCTaskThread "GC Thread#0" [stack: 0x00000039b3100000,0x00000039b3200000] [id=23800]
  0x00000180c6e05d80 ConcurrentGCThread "G1 Main Marker" [stack: 0x00000039b3200000,0x00000039b3300000] [id=14656]
  0x00000180c6e077b0 ConcurrentGCThread "G1 Conc#0" [stack: 0x00000039b3300000,0x00000039b3400000] [id=9928]

[error occurred during error reporting (printing all threads), id 0xc0000005, EXCEPTION_ACCESS_VIOLATION (0xc0000005) at pc=0x00007ffe65c911d7]

VM state: not at safepoint (not fully initialized)

VM Mutex/Monitor currently owned by a thread:  ([mutex/lock_event])
[0x00000180c6ddfb80] Heap_lock - owner thread: 0x00000180c6de5250

Heap address: 0x00000000fc000000, size: 64 MB, Compressed Oops mode: 32-bit

CDS archive(s) mapped at: [0x0000000000000000-0x0000000000000000-0x0000000000000000), size 0, SharedBaseAddress: 0x0000000800000000, ArchiveRelocationMode: 1.
Narrow klass base: 0x0000000000000000, Narrow klass shift: 0, Narrow klass range: 0x0

GC Precious Log:
<Empty>

Heap:
 garbage-first heap   total 0K, used 0K [0x00000000fc000000, 0x0000000100000000)
  region size 1024K, 0 young (0K), 0 survivors (0K)

[error occurred during error reporting (printing heap information), id 0xc0000005, EXCEPTION_ACCESS_VIOLATION (0xc0000005) at pc=0x00007ffe66079869]

GC Heap History (0 events):
No events

Dll operation events (1 events):
Event: 0.010 Loaded shared library C:\Program Files\Microsoft\jdk-17.0.10.7-hotspot\bin\java.dll

Deoptimization events (0 events):
No events

Classes unloaded (0 events):
No events

Classes redefined (0 events):
No events

Internal exceptions (0 events):
No events

VM Operations (0 events):
No events

Events (0 events):
No events


Dynamic libraries:
0x00007ff7db150000 - 0x00007ff7db15e000 	C:\Program Files\Microsoft\jdk-17.0.10.7-hotspot\bin\java.exe
0x00007fff13fd0000 - 0x00007fff141e6000 	C:\Windows\SYSTEM32\ntdll.dll
0x00007fff13790000 - 0x00007fff13854000 	C:\Windows\System32\KERNEL32.DLL
0x00007fff11450000 - 0x00007fff117f7000 	C:\Windows\System32\KERNELBASE.dll
0x00007fff11a70000 - 0x00007fff11b81000 	C:\Windows\System32\ucrtbase.dll
0x00007ffefb450000 - 0x00007ffefb467000 	C:\Program Files\Microsoft\jdk-17.0.10.7-hotspot\bin\jli.dll
0x00007ffeec4f0000 - 0x00007ffeec50b000 	C:\Program Files\Microsoft\jdk-17.0.10.7-hotspot\bin\VCRUNTIME140.dll
0x00007fff127a0000 - 0x00007fff1294e000 	C:\Windows\System32\USER32.dll
0x00007fff105e0000 - 0x00007fff10873000 	C:\Windows\WinSxS\amd64_microsoft.windows.common-controls_6595b64144ccf1df_6.0.22621.3235_none_270f74e173860f98\COMCTL32.dll
0x00007fff11420000 - 0x00007fff11446000 	C:\Windows\System32\win32u.dll
0x00007fff13b00000 - 0x00007fff13ba7000 	C:\Windows\System32\msvcrt.dll
0x00007fff13230000 - 0x00007fff13259000 	C:\Windows\System32\GDI32.dll
0x00007fff11920000 - 0x00007fff11a39000 	C:\Windows\System32\gdi32full.dll
0x00007fff11800000 - 0x00007fff1189a000 	C:\Windows\System32\msvcp_win.dll
0x00007fff13860000 - 0x00007fff13891000 	C:\Windows\System32\IMM32.DLL
0x00007ffefb440000 - 0x00007ffefb44c000 	C:\Program Files\Microsoft\jdk-17.0.10.7-hotspot\bin\vcruntime140_1.dll
0x00007ffec6ee0000 - 0x00007ffec6f6d000 	C:\Program Files\Microsoft\jdk-17.0.10.7-hotspot\bin\msvcp140.dll
0x00007ffe659a0000 - 0x00007ffe66605000 	C:\Program Files\Microsoft\jdk-17.0.10.7-hotspot\bin\server\jvm.dll
0x00007fff13e30000 - 0x00007fff13ee2000 	C:\Windows\System32\ADVAPI32.dll
0x00007fff13260000 - 0x00007fff13308000 	C:\Windows\System32\sechost.dll
0x00007fff11a40000 - 0x00007fff11a68000 	C:\Windows\System32\bcrypt.dll
0x00007fff12960000 - 0x00007fff12a75000 	C:\Windows\System32\RPCRT4.dll
0x00007fff111c0000 - 0x00007fff1120d000 	C:\Windows\SYSTEM32\POWRPROF.dll
0x00007fff08710000 - 0x00007fff08744000 	C:\Windows\SYSTEM32\WINMM.dll
0x00007fff0a2d0000 - 0x00007fff0a2d9000 	C:\Windows\SYSTEM32\WSOCK32.dll
0x00007fff0a160000 - 0x00007fff0a16a000 	C:\Windows\SYSTEM32\VERSION.dll
0x00007fff12ea0000 - 0x00007fff12f11000 	C:\Windows\System32\WS2_32.dll
0x00007fff111a0000 - 0x00007fff111b3000 	C:\Windows\SYSTEM32\UMPDC.dll
0x00007fff0f420000 - 0x00007fff0f438000 	C:\Windows\SYSTEM32\kernel.appcore.dll
0x00007ffefb020000 - 0x00007ffefb02a000 	C:\Program Files\Microsoft\jdk-17.0.10.7-hotspot\bin\jimage.dll
0x00007fff10b70000 - 0x00007fff10da3000 	C:\Windows\SYSTEM32\DBGHELP.DLL
0x00007fff12a80000 - 0x00007fff12e08000 	C:\Windows\System32\combase.dll
0x00007fff13c10000 - 0x00007fff13ce7000 	C:\Windows\System32\OLEAUT32.dll
0x00007fff10a60000 - 0x00007fff10a92000 	C:\Windows\SYSTEM32\dbgcore.DLL
0x00007fff118a0000 - 0x00007fff11919000 	C:\Windows\System32\bcryptPrimitives.dll
0x00007ffedc6d0000 - 0x00007ffedc6f5000 	C:\Program Files\Microsoft\jdk-17.0.10.7-hotspot\bin\java.dll

dbghelp: loaded successfully - version: 4.0.5 - missing functions: none
symbol engine: initialized successfully - sym options: 0x614 - pdb path: .;C:\Program Files\Microsoft\jdk-17.0.10.7-hotspot\bin;C:\Windows\SYSTEM32;C:\Windows\WinSxS\amd64_microsoft.windows.common-controls_6595b64144ccf1df_6.0.22621.3235_none_270f74e173860f98;C:\Program Files\Microsoft\jdk-17.0.10.7-hotspot\bin\server

VM Arguments:
jvm_args: -Xmx64m -Xms64m -Dorg.gradle.appname=gradlew 
java_command: org.gradle.wrapper.GradleWrapperMain app:installDebug -PreactNativeDevServerPort=8081
java_class_path (initial): C:\Users\ihabg\OneDrive\Bureau\1\9ahwejni\client\android\\gradle\wrapper\gradle-wrapper.jar
Launcher Type: SUN_STANDARD

[Global flags]
     intx CICompilerCount                          = 4                                         {product} {ergonomic}
     uint ConcGCThreads                            = 3                                         {product} {ergonomic}
     uint G1ConcRefinementThreads                  = 10                                        {product} {ergonomic}
   size_t G1HeapRegionSize                         = 1048576                                   {product} {ergonomic}
    uintx GCDrainStackTargetSize                   = 64                                        {product} {ergonomic}
   size_t InitialHeapSize                          = 67108864                                  {product} {command line}
   size_t MarkStackSize                            = 4194304                                   {product} {ergonomic}
   size_t MaxHeapSize                              = 67108864                                  {product} {command line}
   size_t MinHeapDeltaBytes                        = 1048576                                   {product} {ergonomic}
   size_t MinHeapSize                              = 67108864                                  {product} {command line}
    uintx NonNMethodCodeHeapSize                   = 5839372                                {pd product} {ergonomic}
    uintx NonProfiledCodeHeapSize                  = 122909434                              {pd product} {ergonomic}
    uintx ProfiledCodeHeapSize                     = 122909434                              {pd product} {ergonomic}
    uintx ReservedCodeCacheSize                    = 251658240                              {pd product} {ergonomic}
     bool SegmentedCodeCache                       = true                                      {product} {ergonomic}
   size_t SoftMaxHeapSize                          = 67108864                               {manageable} {ergonomic}
     bool UseCompressedClassPointers               = true                           {product lp64_product} {ergonomic}
     bool UseCompressedOops                        = true                           {product lp64_product} {ergonomic}
     bool UseG1GC                                  = true                                      {product} {ergonomic}
     bool UseLargePagesIndividualAllocation        = false                                  {pd product} {ergonomic}

Logging:
Log output configuration:
 #0: stdout all=warning uptime,level,tags
 #1: stderr all=off uptime,level,tags

Environment Variables:
JAVA_HOME=C:\Program Files\Microsoft\jdk-17.0.10.7-hotspot\
CLASSPATH=C:\Users\ihabg\OneDrive\Bureau\1\9ahwejni\client\android\\gradle\wrapper\gradle-wrapper.jar
PATH=C:\Users\ihabg\OneDrive\Bureau\1\9ahwejni\client\node_modules\.bin;C:\Users\ihabg\OneDrive\Bureau\1\9ahwejni\client\node_modules\.bin;C:\Users\ihabg\OneDrive\Bureau\1\9ahwejni\node_modules\.bin;C:\Users\ihabg\OneDrive\Bureau\1\node_modules\.bin;C:\Users\ihabg\OneDrive\Bureau\node_modules\.bin;C:\Users\ihabg\OneDrive\node_modules\.bin;C:\Users\ihabg\node_modules\.bin;C:\Users\node_modules\.bin;C:\node_modules\.bin;C:\Program Files\nodejs\node_modules\npm\node_modules\@npmcli\run-script\lib\node-gyp-bin;C:\Users\ihabg\OneDrive\Bureau\1\9ahwejni\client\node_modules\.bin;C:\Users\ihabg\OneDrive\Bureau\1\9ahwejni\node_modules\.bin;C:\Users\ihabg\OneDrive\Bureau\1\node_modules\.bin;C:\Users\ihabg\OneDrive\Bureau\node_modules\.bin;C:\Users\ihabg\OneDrive\node_modules\.bin;C:\Users\ihabg\node_modules\.bin;C:\Users\node_modules\.bin;C:\node_modules\.bin;C:\Program Files\nodejs\node_modules\npm\node_modules\@npmcli\run-script\lib\node-gyp-bin;C:\Users\ihabg\bin;C:\Program Files\Git\mingw64\bin;C:\Program Files\Git\usr\local\bin;C:\Program Files\Git\usr\bin;C:\Program Files\Git\usr\bin;C:\Program Files\Git\mingw64\bin;C:\Program Files\Git\usr\bin;C:\Users\ihabg\bin;C:\Program Files\Microsoft\jdk-17.0.10.7-hotspot\bin;C:\Windows\system32;C:\Windows;C:\Windows\System32\Wbem;C:\Windows\System32\WindowsPowerShell\v1.0;C:\Windows\System32\OpenSSH;C:\Program Files (x86)\NVIDIA Corporation\PhysX\Common;C:\Program Files\NVIDIA Corporation\NVIDIA NvDLISR;C:\Program Files\Git\cmd;C:\Program Files\nodejs;C:\ProgramData\chocolatey\bin;C:\Users\ihabg\AppData\Local\Android\Sdk\platform-tools;C:\Users\ihabg\AppData\Local\Microsoft\WindowsApps;C:\Users\ihabg\AppData\Local\Programs\Microsoft VS Code\bin;C:\Users\ihabg\AppData\Roaming\npm;C:\Program Files\MySQL\MySQL Server 8.0\bin;C:\Program Files\Git\usr\bin\vendor_perl;C:\Program Files\Git\usr\bin\core_perl
USERNAME=ihabg
SHELL=C:\Program Files\Git\usr\bin\bash.exe
DISPLAY=needs-to-be-defined
LANG=en_US.UTF-8
LC_CTYPE=fr_FR.UTF-8
TERM=xterm
TMPDIR=C:\Users\ihabg\AppData\Local\Temp
OS=Windows_NT
PROCESSOR_IDENTIFIER=AMD64 Family 25 Model 80 Stepping 0, AuthenticAMD
TMP=C:\Users\ihabg\AppData\Local\Temp
TEMP=C:\Users\ihabg\AppData\Local\Temp



Periodic native trim disabled


---------------  S Y S T E M  ---------------

OS:
 Windows 11 , 64 bit Build 22621 (10.0.22621.3374)
OS uptime: 1 days 4:38 hours

CPU: total 12 (initial active 12) (12 cores per cpu, 2 threads per core) family 25 model 80 stepping 0 microcode 0x0, cx8, cmov, fxsr, ht, mmx, 3dnowpref, sse, sse2, sse3, ssse3, sse4a, sse4.1, sse4.2, popcnt, lzcnt, tsc, tscinvbit, avx, avx2, aes, erms, clmul, bmi1, bmi2, adx, sha, fma, vzeroupper, clflush, clflushopt
Processor Information for all 12 processors :
  Max Mhz: 3301, Current Mhz: 3301, Mhz Limit: 3301

Memory: 4k page, system-wide physical 5996M (267M free)
TotalPageFile size 24428M (AvailPageFile size 16M)
current process WorkingSet (physical memory assigned to process): 11M, peak: 11M
current process commit charge ("private bytes"): 63M, peak: 127M

vm_info: OpenJDK 64-Bit Server VM (17.0.10+7-LTS) for windows-amd64 JRE (17.0.10+7-LTS), built on Jan 10 2024 19:47:12 by "MicrosoftCorporation" with MS VC++ 16.10 / 16.11 (VS2019)

END.
