#
# There is insufficient memory for the Java Runtime Environment to continue.
# Native memory allocation (malloc) failed to allocate 1463536 bytes for Chunk::new
# Possible reasons:
#   The system is out of physical RAM or swap space
#   The process is running with CompressedOops enabled, and the Java Heap may be blocking the growth of the native heap
# Possible solutions:
#   Reduce memory load on the system
#   Increase physical memory or swap space
#   Check if swap backing store is full
#   Decrease Java heap size (-Xmx/-Xms)
#   Decrease number of Java threads
#   Decrease Java thread stack sizes (-Xss)
#   Set larger code cache with -XX:ReservedCodeCacheSize=
#   JVM is running with Unscaled Compressed Oops mode in which the Java heap is
#     placed in the first 4GB address space. The Java Heap base address is the
#     maximum limit for the native heap growth. Please use -XX:HeapBaseMinAddress
#     to set the Java Heap base and to place the Java Heap above 4GB virtual address.
# This output file may be truncated or incomplete.
#
#  Out of Memory Error (arena.cpp:191), pid=17560, tid=6180
#
# JRE version: OpenJDK Runtime Environment Microsoft-8902769 (17.0.10+7) (build 17.0.10+7-LTS)
# Java VM: OpenJDK 64-Bit Server VM Microsoft-8902769 (17.0.10+7-LTS, mixed mode, sharing, tiered, compressed oops, compressed class ptrs, g1 gc, windows-amd64)
# No core dump will be written. Minidumps are not enabled by default on client versions of Windows
#

---------------  S U M M A R Y ------------

Command Line: -XX:MaxMetaspaceSize=512m --add-opens=java.base/java.util=ALL-UNNAMED --add-opens=java.base/java.lang=ALL-UNNAMED --add-opens=java.base/java.lang.invoke=ALL-UNNAMED --add-opens=java.prefs/java.util.prefs=ALL-UNNAMED --add-opens=java.base/java.nio.charset=ALL-UNNAMED --add-opens=java.base/java.net=ALL-UNNAMED --add-opens=java.base/java.util.concurrent.atomic=ALL-UNNAMED -Xmx2048m -Dfile.encoding=windows-1252 -Duser.country=FR -Duser.language=fr -Duser.variant -javaagent:C:\Users\ihabg\.gradle\wrapper\dists\gradle-8.6-all\3mbtmo166bl6vumsh5k2lkq5h\gradle-8.6\lib\agents\gradle-instrumentation-agent-8.6.jar org.gradle.launcher.daemon.bootstrap.GradleDaemon 8.6

Host: AMD Ryzen 5 5600H with Radeon Graphics         , 12 cores, 5G,  Windows 11 , 64 bit Build 22621 (10.0.22621.3527)
Time: Tue May 21 15:23:27 2024 Afr. centrale Ouest elapsed time: 21.816792 seconds (0d 0h 0m 21s)

---------------  T H R E A D  ---------------

Current thread (0x000002c57f985f30):  JavaThread "C2 CompilerThread0" daemon [_thread_in_native, id=6180, stack(0x000000f53c400000,0x000000f53c500000)]


Current CompileTask:
C2:  21817 9966       4       org.gradle.internal.reflect.ClassInspector::inspectClass (179 bytes)

Stack: [0x000000f53c400000,0x000000f53c500000]
Native frames: (J=compiled Java code, j=interpreted, Vv=VM code, C=native code)
V  [jvm.dll+0x67f829]
V  [jvm.dll+0x83750a]
V  [jvm.dll+0x838fce]
V  [jvm.dll+0x839633]
V  [jvm.dll+0x247cbf]
V  [jvm.dll+0xac524]
V  [jvm.dll+0xacb6c]
V  [jvm.dll+0x368ca2]
V  [jvm.dll+0x33311a]
V  [jvm.dll+0x3325ba]
V  [jvm.dll+0x21a401]
V  [jvm.dll+0x219821]
V  [jvm.dll+0x1a5176]
V  [jvm.dll+0x22957e]
V  [jvm.dll+0x22774c]
V  [jvm.dll+0x7ec5d7]
V  [jvm.dll+0x7e69da]
V  [jvm.dll+0x67e715]
C  [ucrtbase.dll+0x29333]
C  [KERNEL32.DLL+0x1257d]
C  [ntdll.dll+0x5aa48]


---------------  P R O C E S S  ---------------

Threads class SMR info:
_java_thread_list=0x000002c534c33120, length=122, elements={
0x000002c5720c3070, 0x000002c57f95da10, 0x000002c57f95f8a0, 0x000002c57f971630,
0x000002c57f9721f0, 0x000002c57f974cc0, 0x000002c57f975680, 0x000002c57f985f30,
0x000002c57f98e860, 0x000002c57f991270, 0x000002c57fbac340, 0x000002c57fc9a890,
0x000002c53148a000, 0x000002c530e3d080, 0x000002c5312f8b90, 0x000002c5311a6080,
0x000002c530f0d590, 0x000002c531405330, 0x000002c531407190, 0x000002c531404400,
0x000002c531406260, 0x000002c531406c80, 0x000002c531404e20, 0x000002c531405840,
0x000002c531406770, 0x000002c531407bb0, 0x000002c531404910, 0x000002c531405d50,
0x000002c532631fe0, 0x000002c532630ba0, 0x000002c5326310b0, 0x000002c5326315c0,
0x000002c532630180, 0x000002c532633420, 0x000002c532634350, 0x000002c532633e40,
0x000002c532634860, 0x000002c532632a00, 0x000002c532634d70, 0x000002c532635280,
0x000002c532630690, 0x000002c53262ed40, 0x000002c532631ad0, 0x000002c532635790,
0x000002c532635ca0, 0x000002c53262f250, 0x000002c5326361b0, 0x000002c532632f10,
0x000002c53262f760, 0x000002c532633930, 0x000002c5326324f0, 0x000002c533f412f0,
0x000002c533f43b70, 0x000002c533f44fb0, 0x000002c533f454c0, 0x000002c533f47d40,
0x000002c533f459d0, 0x000002c533f43150, 0x000002c533f47320, 0x000002c533f41800,
0x000002c533f43660, 0x000002c533f45ee0, 0x000002c533f46e10, 0x000002c533f42c40,
0x000002c533f463f0, 0x000002c533f48250, 0x000002c533f44080, 0x000002c533f44590,
0x000002c533f40de0, 0x000002c533f46900, 0x000002c533f47830, 0x000002c533f48760,
0x000002c533f41d10, 0x000002c533f42220, 0x000002c533f44aa0, 0x000002c532239dd0,
0x000002c53223d580, 0x000002c53223f8f0, 0x000002c5322393b0, 0x000002c53223cb60,
0x000002c53223da90, 0x000002c53223fe00, 0x000002c532240310, 0x000002c53223f3e0,
0x000002c53223dfa0, 0x000002c53223e4b0, 0x000002c5322398c0, 0x000002c53223e9c0,
0x000002c53223b720, 0x000002c53223bc30, 0x000002c532240820, 0x000002c53223c140,
0x000002c53223eed0, 0x000002c53223b210, 0x000002c532240d30, 0x000002c53223a2e0,
0x000002c53223c650, 0x000002c53223a7f0, 0x000002c53223d070, 0x000002c53223ad00,
0x000002c5340f5840, 0x000002c5340f39e0, 0x000002c5340f6260, 0x000002c5340f5330,
0x000002c5340f5d50, 0x000002c5340f6770, 0x000002c5340f8ae0, 0x000002c5340f85d0,
0x000002c5340fa430, 0x000002c5340f6c80, 0x000002c5340f4910, 0x000002c5340f7190,
0x000002c5340f9f20, 0x000002c5340f9500, 0x000002c5340f3ef0, 0x000002c5340f76a0,
0x000002c5340f4400, 0x000002c5340f7bb0, 0x000002c5340f80c0, 0x000002c5340fa940,
0x000002c5340f8ff0, 0x000002c534c513a0
}

Java Threads: ( => current thread )
  0x000002c5720c3070 JavaThread "main" [_thread_blocked, id=19932, stack(0x000000f53b700000,0x000000f53b800000)]
  0x000002c57f95da10 JavaThread "Reference Handler" daemon [_thread_blocked, id=20112, stack(0x000000f53be00000,0x000000f53bf00000)]
  0x000002c57f95f8a0 JavaThread "Finalizer" daemon [_thread_blocked, id=9368, stack(0x000000f53bf00000,0x000000f53c000000)]
  0x000002c57f971630 JavaThread "Signal Dispatcher" daemon [_thread_blocked, id=12300, stack(0x000000f53c000000,0x000000f53c100000)]
  0x000002c57f9721f0 JavaThread "Attach Listener" daemon [_thread_blocked, id=22416, stack(0x000000f53c100000,0x000000f53c200000)]
  0x000002c57f974cc0 JavaThread "Service Thread" daemon [_thread_blocked, id=2344, stack(0x000000f53c200000,0x000000f53c300000)]
  0x000002c57f975680 JavaThread "Monitor Deflation Thread" daemon [_thread_blocked, id=19824, stack(0x000000f53c300000,0x000000f53c400000)]
=>0x000002c57f985f30 JavaThread "C2 CompilerThread0" daemon [_thread_in_native, id=6180, stack(0x000000f53c400000,0x000000f53c500000)]
  0x000002c57f98e860 JavaThread "C1 CompilerThread0" daemon [_thread_blocked, id=23432, stack(0x000000f53c500000,0x000000f53c600000)]
  0x000002c57f991270 JavaThread "Sweeper thread" daemon [_thread_blocked, id=17328, stack(0x000000f53c600000,0x000000f53c700000)]
  0x000002c57fbac340 JavaThread "Common-Cleaner" daemon [_thread_blocked, id=6704, stack(0x000000f53c700000,0x000000f53c800000)]
  0x000002c57fc9a890 JavaThread "Notification Thread" daemon [_thread_blocked, id=14480, stack(0x000000f53c800000,0x000000f53c900000)]
  0x000002c53148a000 JavaThread "Daemon health stats" [_thread_blocked, id=25568, stack(0x000000f53ce00000,0x000000f53cf00000)]
  0x000002c530e3d080 JavaThread "Incoming local TCP Connector on port 58611" [_thread_in_native, id=17356, stack(0x000000f53cf00000,0x000000f53d000000)]
  0x000002c5312f8b90 JavaThread "Daemon periodic checks" [_thread_blocked, id=13052, stack(0x000000f53d000000,0x000000f53d100000)]
  0x000002c5311a6080 JavaThread "Daemon" [_thread_blocked, id=18944, stack(0x000000f53d100000,0x000000f53d200000)]
  0x000002c530f0d590 JavaThread "Handler for socket connection from /127.0.0.1:58611 to /127.0.0.1:58612" [_thread_in_native, id=22040, stack(0x000000f53d200000,0x000000f53d300000)]
  0x000002c531405330 JavaThread "Cancel handler" [_thread_blocked, id=23452, stack(0x000000f53d300000,0x000000f53d400000)]
  0x000002c531407190 JavaThread "Daemon worker" [_thread_in_vm, id=23028, stack(0x000000f53d400000,0x000000f53d500000)]
  0x000002c531404400 JavaThread "Asynchronous log dispatcher for DefaultDaemonConnection: socket connection from /127.0.0.1:58611 to /127.0.0.1:58612" [_thread_blocked, id=2572, stack(0x000000f53d500000,0x000000f53d600000)]
  0x000002c531406260 JavaThread "Stdin handler" [_thread_blocked, id=14812, stack(0x000000f53d600000,0x000000f53d700000)]
  0x000002c531406c80 JavaThread "Daemon client event forwarder" [_thread_blocked, id=8960, stack(0x000000f53d700000,0x000000f53d800000)]
  0x000002c531404e20 JavaThread "Cache worker for journal cache (C:\Users\ihabg\.gradle\caches\journal-1)" [_thread_blocked, id=22332, stack(0x000000f53dd00000,0x000000f53de00000)]
  0x000002c531405840 JavaThread "File lock request listener" [_thread_in_native, id=25436, stack(0x000000f53de00000,0x000000f53df00000)]
  0x000002c531406770 JavaThread "Cache worker for file hash cache (C:\Users\ihabg\.gradle\caches\8.6\fileHashes)" [_thread_blocked, id=3876, stack(0x000000f53df00000,0x000000f53e000000)]
  0x000002c531407bb0 JavaThread "File watcher server" daemon [_thread_in_native, id=10088, stack(0x000000f53e000000,0x000000f53e100000)]
  0x000002c531404910 JavaThread "File watcher consumer" daemon [_thread_blocked, id=17196, stack(0x000000f53e100000,0x000000f53e200000)]
  0x000002c531405d50 JavaThread "Cache worker for checksums cache (C:\Users\ihabg\OneDrive\Bureau\9ahwejni\client\android\.gradle\8.6\checksums)" [_thread_blocked, id=11020, stack(0x000000f53e200000,0x000000f53e300000)]
  0x000002c532631fe0 JavaThread "Cache worker for file hash cache (C:\Users\ihabg\OneDrive\Bureau\9ahwejni\client\android\.gradle\8.6\fileHashes)" [_thread_blocked, id=18428, stack(0x000000f53e500000,0x000000f53e600000)]
  0x000002c532630ba0 JavaThread "Cache worker for cache directory md-supplier (C:\Users\ihabg\.gradle\caches\8.6\md-supplier)" [_thread_blocked, id=15876, stack(0x000000f53e600000,0x000000f53e700000)]
  0x000002c5326310b0 JavaThread "Cache worker for cache directory md-rule (C:\Users\ihabg\.gradle\caches\8.6\md-rule)" [_thread_blocked, id=23296, stack(0x000000f53e700000,0x000000f53e800000)]
  0x000002c5326315c0 JavaThread "Cache worker for file content cache (C:\Users\ihabg\.gradle\caches\8.6\fileContent)" [_thread_blocked, id=20788, stack(0x000000f53e800000,0x000000f53e900000)]
  0x000002c532630180 JavaThread "jar transforms" [_thread_blocked, id=17548, stack(0x000000f53e900000,0x000000f53ea00000)]
  0x000002c532633420 JavaThread "jar transforms Thread 2" [_thread_blocked, id=18552, stack(0x000000f53ea00000,0x000000f53eb00000)]
  0x000002c532634350 JavaThread "jar transforms Thread 3" [_thread_blocked, id=22704, stack(0x000000f53eb00000,0x000000f53ec00000)]
  0x000002c532633e40 JavaThread "jar transforms Thread 4" [_thread_blocked, id=14684, stack(0x000000f53ec00000,0x000000f53ed00000)]
  0x000002c532634860 JavaThread "Exec process" [_thread_blocked, id=20488, stack(0x000000f53ed00000,0x000000f53ee00000)]
  0x000002c532632a00 JavaThread "Exec process Thread 2" [_thread_blocked, id=24764, stack(0x000000f53ee00000,0x000000f53ef00000)]
  0x000002c532634d70 JavaThread "Exec process Thread 3" [_thread_blocked, id=16244, stack(0x000000f53ef00000,0x000000f53f000000)]
  0x000002c532635280 JavaThread "jar transforms Thread 5" [_thread_blocked, id=17640, stack(0x000000f53f000000,0x000000f53f100000)]
  0x000002c532630690 JavaThread "jar transforms Thread 6" [_thread_blocked, id=20924, stack(0x000000f53f100000,0x000000f53f200000)]
  0x000002c53262ed40 JavaThread "Unconstrained build operations" [_thread_blocked, id=20516, stack(0x000000f53f200000,0x000000f53f300000)]
  0x000002c532631ad0 JavaThread "Unconstrained build operations Thread 2" [_thread_blocked, id=25152, stack(0x000000f53f300000,0x000000f53f400000)]
  0x000002c532635790 JavaThread "jar transforms Thread 7" [_thread_blocked, id=24020, stack(0x000000f53f400000,0x000000f53f500000)]
  0x000002c532635ca0 JavaThread "jar transforms Thread 8" [_thread_blocked, id=6508, stack(0x000000f53f500000,0x000000f53f600000)]
  0x000002c53262f250 JavaThread "Cache worker for Build Output Cleanup Cache (C:\Users\ihabg\OneDrive\Bureau\9ahwejni\client\node_modules\@react-native\gradle-plugin\.gradle\buildOutputCleanup)" [_thread_blocked, id=11504, stack(0x000000f53f600000,0x000000f53f700000)]
  0x000002c5326361b0 JavaThread "jar transforms Thread 9" [_thread_blocked, id=18472, stack(0x000000f53f700000,0x000000f53f800000)]
  0x000002c532632f10 JavaThread "jar transforms Thread 10" [_thread_blocked, id=17372, stack(0x000000f53f800000,0x000000f53f900000)]
  0x000002c53262f760 JavaThread "Unconstrained build operations Thread 3" [_thread_blocked, id=24024, stack(0x000000f53f900000,0x000000f53fa00000)]
  0x000002c532633930 JavaThread "Unconstrained build operations Thread 4" [_thread_blocked, id=21136, stack(0x000000f53fa00000,0x000000f53fb00000)]
  0x000002c5326324f0 JavaThread "Unconstrained build operations Thread 5" [_thread_blocked, id=6736, stack(0x000000f53fb00000,0x000000f53fc00000)]
  0x000002c533f412f0 JavaThread "Unconstrained build operations Thread 6" [_thread_blocked, id=17472, stack(0x000000f53fc00000,0x000000f53fd00000)]
  0x000002c533f43b70 JavaThread "Unconstrained build operations Thread 7" [_thread_blocked, id=19964, stack(0x000000f53fd00000,0x000000f53fe00000)]
  0x000002c533f44fb0 JavaThread "Unconstrained build operations Thread 8" [_thread_blocked, id=7300, stack(0x000000f53fe00000,0x000000f53ff00000)]
  0x000002c533f454c0 JavaThread "Unconstrained build operations Thread 9" [_thread_blocked, id=12700, stack(0x000000f53ff00000,0x000000f540000000)]
  0x000002c533f47d40 JavaThread "Unconstrained build operations Thread 10" [_thread_blocked, id=25456, stack(0x000000f540000000,0x000000f540100000)]
  0x000002c533f459d0 JavaThread "Unconstrained build operations Thread 11" [_thread_blocked, id=18696, stack(0x000000f540100000,0x000000f540200000)]
  0x000002c533f43150 JavaThread "Unconstrained build operations Thread 12" [_thread_blocked, id=21368, stack(0x000000f540200000,0x000000f540300000)]
  0x000002c533f47320 JavaThread "Unconstrained build operations Thread 13" [_thread_blocked, id=20772, stack(0x000000f540300000,0x000000f540400000)]
  0x000002c533f41800 JavaThread "build event listener" [_thread_blocked, id=25288, stack(0x000000f540400000,0x000000f540500000)]
  0x000002c533f43660 JavaThread "Memory manager" [_thread_blocked, id=15008, stack(0x000000f540500000,0x000000f540600000)]
  0x000002c533f45ee0 JavaThread "jar transforms Thread 11" [_thread_blocked, id=20684, stack(0x000000f540600000,0x000000f540700000)]
  0x000002c533f46e10 JavaThread "jar transforms Thread 12" [_thread_blocked, id=19628, stack(0x000000f540700000,0x000000f540800000)]
  0x000002c533f42c40 JavaThread "Cache worker for Build Output Cleanup Cache (C:\Users\ihabg\OneDrive\Bureau\9ahwejni\client\android\.gradle\buildOutputCleanup)" [_thread_blocked, id=5776, stack(0x000000f540800000,0x000000f540900000)]
  0x000002c533f463f0 JavaThread "ForkJoinPool.commonPool-worker-1" daemon [_thread_blocked, id=15880, stack(0x000000f540900000,0x000000f540a00000)]
  0x000002c533f48250 JavaThread "ForkJoinPool.commonPool-worker-2" daemon [_thread_blocked, id=18120, stack(0x000000f540a00000,0x000000f540b00000)]
  0x000002c533f44080 JavaThread "ForkJoinPool.commonPool-worker-3" daemon [_thread_blocked, id=23872, stack(0x000000f540b00000,0x000000f540c00000)]
  0x000002c533f44590 JavaThread "ForkJoinPool.commonPool-worker-4" daemon [_thread_blocked, id=8436, stack(0x000000f540c00000,0x000000f540d00000)]
  0x000002c533f40de0 JavaThread "ForkJoinPool.commonPool-worker-5" daemon [_thread_blocked, id=10972, stack(0x000000f540d00000,0x000000f540e00000)]
  0x000002c533f46900 JavaThread "ForkJoinPool.commonPool-worker-6" daemon [_thread_blocked, id=22412, stack(0x000000f540e00000,0x000000f540f00000)]
  0x000002c533f47830 JavaThread "ForkJoinPool.commonPool-worker-7" daemon [_thread_blocked, id=15992, stack(0x000000f540f00000,0x000000f541000000)]
  0x000002c533f48760 JavaThread "ForkJoinPool.commonPool-worker-8" daemon [_thread_blocked, id=9856, stack(0x000000f541000000,0x000000f541100000)]
  0x000002c533f41d10 JavaThread "ForkJoinPool.commonPool-worker-9" daemon [_thread_blocked, id=10472, stack(0x000000f541100000,0x000000f541200000)]
  0x000002c533f42220 JavaThread "included builds" [_thread_blocked, id=10528, stack(0x000000f541200000,0x000000f541300000)]
  0x000002c533f44aa0 JavaThread "Execution worker" [_thread_blocked, id=24796, stack(0x000000f541300000,0x000000f541400000)]
  0x000002c532239dd0 JavaThread "Execution worker Thread 2" [_thread_blocked, id=25204, stack(0x000000f541400000,0x000000f541500000)]
  0x000002c53223d580 JavaThread "Execution worker Thread 3" [_thread_blocked, id=21412, stack(0x000000f541500000,0x000000f541600000)]
  0x000002c53223f8f0 JavaThread "Execution worker Thread 4" [_thread_blocked, id=23988, stack(0x000000f541600000,0x000000f541700000)]
  0x000002c5322393b0 JavaThread "Execution worker Thread 5" [_thread_blocked, id=25260, stack(0x000000f541700000,0x000000f541800000)]
  0x000002c53223cb60 JavaThread "Execution worker Thread 6" [_thread_blocked, id=8600, stack(0x000000f541800000,0x000000f541900000)]
  0x000002c53223da90 JavaThread "Execution worker Thread 7" [_thread_blocked, id=21416, stack(0x000000f541900000,0x000000f541a00000)]
  0x000002c53223fe00 JavaThread "Execution worker Thread 8" [_thread_blocked, id=20880, stack(0x000000f541a00000,0x000000f541b00000)]
  0x000002c532240310 JavaThread "Execution worker Thread 9" [_thread_blocked, id=6976, stack(0x000000f541b00000,0x000000f541c00000)]
  0x000002c53223f3e0 JavaThread "Execution worker Thread 10" [_thread_blocked, id=17136, stack(0x000000f541c00000,0x000000f541d00000)]
  0x000002c53223dfa0 JavaThread "Execution worker Thread 11" [_thread_blocked, id=3884, stack(0x000000f541d00000,0x000000f541e00000)]
  0x000002c53223e4b0 JavaThread "Cache worker for execution history cache (C:\Users\ihabg\OneDrive\Bureau\9ahwejni\client\node_modules\@react-native\gradle-plugin\.gradle\8.6\executionHistory)" [_thread_blocked, id=9920, stack(0x000000f541e00000,0x000000f541f00000)]
  0x000002c5322398c0 JavaThread "Unconstrained build operations Thread 14" [_thread_blocked, id=19108, stack(0x000000f541f00000,0x000000f542000000)]
  0x000002c53223e9c0 JavaThread "Unconstrained build operations Thread 15" [_thread_blocked, id=24088, stack(0x000000f542000000,0x000000f542100000)]
  0x000002c53223b720 JavaThread "Unconstrained build operations Thread 16" [_thread_blocked, id=19056, stack(0x000000f542100000,0x000000f542200000)]
  0x000002c53223bc30 JavaThread "Unconstrained build operations Thread 17" [_thread_blocked, id=1884, stack(0x000000f542200000,0x000000f542300000)]
  0x000002c532240820 JavaThread "Unconstrained build operations Thread 18" [_thread_blocked, id=7408, stack(0x000000f542300000,0x000000f542400000)]
  0x000002c53223c140 JavaThread "Unconstrained build operations Thread 19" [_thread_blocked, id=18184, stack(0x000000f542400000,0x000000f542500000)]
  0x000002c53223eed0 JavaThread "Unconstrained build operations Thread 20" [_thread_blocked, id=16876, stack(0x000000f542500000,0x000000f542600000)]
  0x000002c53223b210 JavaThread "Unconstrained build operations Thread 21" [_thread_blocked, id=11700, stack(0x000000f542600000,0x000000f542700000)]
  0x000002c532240d30 JavaThread "Unconstrained build operations Thread 22" [_thread_blocked, id=24980, stack(0x000000f542700000,0x000000f542800000)]
  0x000002c53223a2e0 JavaThread "Unconstrained build operations Thread 23" [_thread_blocked, id=14712, stack(0x000000f542800000,0x000000f542900000)]
  0x000002c53223c650 JavaThread "Unconstrained build operations Thread 24" [_thread_blocked, id=10560, stack(0x000000f542900000,0x000000f542a00000)]
  0x000002c53223a7f0 JavaThread "Unconstrained build operations Thread 25" [_thread_blocked, id=12184, stack(0x000000f542a00000,0x000000f542b00000)]
  0x000002c53223d070 JavaThread "Unconstrained build operations Thread 26" [_thread_blocked, id=1568, stack(0x000000f542b00000,0x000000f542c00000)]
  0x000002c53223ad00 JavaThread "Unconstrained build operations Thread 27" [_thread_blocked, id=18160, stack(0x000000f542c00000,0x000000f542d00000)]
  0x000002c5340f5840 JavaThread "Unconstrained build operations Thread 28" [_thread_blocked, id=23464, stack(0x000000f542d00000,0x000000f542e00000)]
  0x000002c5340f39e0 JavaThread "Unconstrained build operations Thread 29" [_thread_blocked, id=17668, stack(0x000000f542e00000,0x000000f542f00000)]
  0x000002c5340f6260 JavaThread "Unconstrained build operations Thread 30" [_thread_blocked, id=11152, stack(0x000000f542f00000,0x000000f543000000)]
  0x000002c5340f5330 JavaThread "Unconstrained build operations Thread 31" [_thread_blocked, id=24812, stack(0x000000f543000000,0x000000f543100000)]
  0x000002c5340f5d50 JavaThread "Unconstrained build operations Thread 32" [_thread_blocked, id=1376, stack(0x000000f543100000,0x000000f543200000)]
  0x000002c5340f6770 JavaThread "Unconstrained build operations Thread 33" [_thread_blocked, id=21940, stack(0x000000f543200000,0x000000f543300000)]
  0x000002c5340f8ae0 JavaThread "Unconstrained build operations Thread 34" [_thread_blocked, id=23304, stack(0x000000f543300000,0x000000f543400000)]
  0x000002c5340f85d0 JavaThread "Unconstrained build operations Thread 35" [_thread_blocked, id=25244, stack(0x000000f543400000,0x000000f543500000)]
  0x000002c5340fa430 JavaThread "Unconstrained build operations Thread 36" [_thread_blocked, id=16316, stack(0x000000f543500000,0x000000f543600000)]
  0x000002c5340f6c80 JavaThread "Unconstrained build operations Thread 37" [_thread_blocked, id=22192, stack(0x000000f543600000,0x000000f543700000)]
  0x000002c5340f4910 JavaThread "Unconstrained build operations Thread 38" [_thread_blocked, id=20204, stack(0x000000f543700000,0x000000f543800000)]
  0x000002c5340f7190 JavaThread "Unconstrained build operations Thread 39" [_thread_blocked, id=1752, stack(0x000000f543800000,0x000000f543900000)]
  0x000002c5340f9f20 JavaThread "Unconstrained build operations Thread 40" [_thread_blocked, id=9852, stack(0x000000f543900000,0x000000f543a00000)]
  0x000002c5340f9500 JavaThread "Unconstrained build operations Thread 41" [_thread_blocked, id=1772, stack(0x000000f543a00000,0x000000f543b00000)]
  0x000002c5340f3ef0 JavaThread "Unconstrained build operations Thread 42" [_thread_blocked, id=24776, stack(0x000000f543b00000,0x000000f543c00000)]
  0x000002c5340f76a0 JavaThread "Unconstrained build operations Thread 43" [_thread_blocked, id=22336, stack(0x000000f543c00000,0x000000f543d00000)]
  0x000002c5340f4400 JavaThread "Unconstrained build operations Thread 44" [_thread_blocked, id=16980, stack(0x000000f543d00000,0x000000f543e00000)]
  0x000002c5340f7bb0 JavaThread "Unconstrained build operations Thread 45" [_thread_blocked, id=20388, stack(0x000000f543e00000,0x000000f543f00000)]
  0x000002c5340f80c0 JavaThread "Unconstrained build operations Thread 46" [_thread_blocked, id=24524, stack(0x000000f543f00000,0x000000f544000000)]
  0x000002c5340fa940 JavaThread "Unconstrained build operations Thread 47" [_thread_blocked, id=15512, stack(0x000000f544000000,0x000000f544100000)]
  0x000002c5340f8ff0 JavaThread "Unconstrained build operations Thread 48" [_thread_blocked, id=22920, stack(0x000000f544100000,0x000000f544200000)]
  0x000002c534c513a0 JavaThread "build event listener" [_thread_blocked, id=14828, stack(0x000000f544200000,0x000000f544300000)]

Other Threads:
  0x000002c57f957df0 VMThread "VM Thread" [stack: 0x000000f53bd00000,0x000000f53be00000] [id=21172]
  0x000002c5720c3ef0 WatcherThread [stack: 0x000000f53c900000,0x000000f53ca00000] [id=22236]
  0x000002c57211f1f0 GCTaskThread "GC Thread#0" [stack: 0x000000f53b800000,0x000000f53b900000] [id=1336]
  0x000002c57fd9f880 GCTaskThread "GC Thread#1" [stack: 0x000000f53ca00000,0x000000f53cb00000] [id=10256]
  0x000002c57fd9e280 GCTaskThread "GC Thread#2" [stack: 0x000000f53cb00000,0x000000f53cc00000] [id=19536]
  0x000002c57fd9f040 GCTaskThread "GC Thread#3" [stack: 0x000000f53cc00000,0x000000f53cd00000] [id=18020]
  0x000002c57fd9dfc0 GCTaskThread "GC Thread#4" [stack: 0x000000f53cd00000,0x000000f53ce00000] [id=16712]
  0x000002c57fd9ed80 GCTaskThread "GC Thread#5" [stack: 0x000000f53d800000,0x000000f53d900000] [id=19544]
  0x000002c57fd9e540 GCTaskThread "GC Thread#6" [stack: 0x000000f53d900000,0x000000f53da00000] [id=5968]
  0x000002c57fd9f300 GCTaskThread "GC Thread#7" [stack: 0x000000f53da00000,0x000000f53db00000] [id=8096]
  0x000002c57fd9f5c0 GCTaskThread "GC Thread#8" [stack: 0x000000f53db00000,0x000000f53dc00000] [id=20624]
  0x000002c57fd9fb40 GCTaskThread "GC Thread#9" [stack: 0x000000f53dc00000,0x000000f53dd00000] [id=24064]
  0x000002c572130140 ConcurrentGCThread "G1 Main Marker" [stack: 0x000000f53b900000,0x000000f53ba00000] [id=11556]
  0x000002c572131300 ConcurrentGCThread "G1 Conc#0" [stack: 0x000000f53ba00000,0x000000f53bb00000] [id=22736]
  0x000002c531945130 ConcurrentGCThread "G1 Conc#1" [stack: 0x000000f53e300000,0x000000f53e400000] [id=6140]
  0x000002c531948570 ConcurrentGCThread "G1 Conc#2" [stack: 0x000000f53e400000,0x000000f53e500000] [id=14768]
  0x000002c57f815540 ConcurrentGCThread "G1 Refine#0" [stack: 0x000000f53bb00000,0x000000f53bc00000] [id=22860]
  0x000002c57f815d80 ConcurrentGCThread "G1 Service" [stack: 0x000000f53bc00000,0x000000f53bd00000] [id=7164]

Threads with active compile tasks:
C2 CompilerThread0    21860 9966       4       org.gradle.internal.reflect.ClassInspector::inspectClass (179 bytes)

VM state: not at safepoint (normal execution)

VM Mutex/Monitor currently owned by a thread: None

Heap address: 0x0000000080000000, size: 2048 MB, Compressed Oops mode: 32-bit

CDS archive(s) mapped at: [0x000002c511000000-0x000002c511bb0000-0x000002c511bb0000), size 12255232, SharedBaseAddress: 0x000002c511000000, ArchiveRelocationMode: 1.
Compressed class space mapped at: 0x000002c512000000-0x000002c52c000000, reserved size: 436207616
Narrow klass base: 0x000002c511000000, Narrow klass shift: 0, Narrow klass range: 0x100000000

GC Precious Log:
 CPUs: 12 total, 12 available
 Memory: 5996M
 Large Page Support: Disabled
 NUMA Support: Disabled
 Compressed Oops: Enabled (32-bit)
 Heap Region Size: 1M
 Heap Min Capacity: 8M
 Heap Initial Capacity: 94M
 Heap Max Capacity: 2G
 Pre-touch: Disabled
 Parallel Workers: 10
 Concurrent Workers: 3
 Concurrent Refinement Workers: 10
 Periodic GC: Disabled

Heap:
 garbage-first heap   total 249856K, used 154244K [0x0000000080000000, 0x0000000100000000)
  region size 1024K, 64 young (65536K), 7 survivors (7168K)
 Metaspace       used 80307K, committed 81088K, reserved 557056K
  class space    used 11254K, committed 11648K, reserved 425984K

Heap Regions: E=young(eden), S=young(survivor), O=old, HS=humongous(starts), HC=humongous(continues), CS=collection set, F=free, OA=open archive, CA=closed archive, TAMS=top-at-mark-start (previous, next)
|   0|0x0000000080000000, 0x0000000080100000, 0x0000000080100000|100%|HS|  |TAMS 0x0000000080100000, 0x0000000080000000| Complete 
|   1|0x0000000080100000, 0x0000000080200000, 0x0000000080200000|100%|HC|  |TAMS 0x0000000080200000, 0x0000000080100000| Complete 
|   2|0x0000000080200000, 0x0000000080300000, 0x0000000080300000|100%|HC|  |TAMS 0x0000000080300000, 0x0000000080200000| Complete 
|   3|0x0000000080300000, 0x0000000080400000, 0x0000000080400000|100%|HC|  |TAMS 0x0000000080400000, 0x0000000080300000| Complete 
|   4|0x0000000080400000, 0x0000000080500000, 0x0000000080500000|100%| O|  |TAMS 0x0000000080500000, 0x0000000080400000| Untracked 
|   5|0x0000000080500000, 0x0000000080600000, 0x0000000080600000|100%| O|  |TAMS 0x0000000080600000, 0x0000000080500000| Untracked 
|   6|0x0000000080600000, 0x0000000080700000, 0x0000000080700000|100%| O|  |TAMS 0x0000000080700000, 0x0000000080600000| Untracked 
|   7|0x0000000080700000, 0x0000000080800000, 0x0000000080800000|100%| O|  |TAMS 0x0000000080800000, 0x0000000080700000| Untracked 
|   8|0x0000000080800000, 0x0000000080900000, 0x0000000080900000|100%| O|  |TAMS 0x0000000080900000, 0x0000000080800000| Untracked 
|   9|0x0000000080900000, 0x0000000080a00000, 0x0000000080a00000|100%| O|  |TAMS 0x0000000080a00000, 0x0000000080900000| Untracked 
|  10|0x0000000080a00000, 0x0000000080b00000, 0x0000000080b00000|100%| O|  |TAMS 0x0000000080b00000, 0x0000000080a00000| Untracked 
|  11|0x0000000080b00000, 0x0000000080c00000, 0x0000000080c00000|100%| O|  |TAMS 0x0000000080c00000, 0x0000000080b00000| Untracked 
|  12|0x0000000080c00000, 0x0000000080d00000, 0x0000000080d00000|100%| O|  |TAMS 0x0000000080d00000, 0x0000000080c00000| Untracked 
|  13|0x0000000080d00000, 0x0000000080e00000, 0x0000000080e00000|100%| O|  |TAMS 0x0000000080e00000, 0x0000000080d00000| Untracked 
|  14|0x0000000080e00000, 0x0000000080f00000, 0x0000000080f00000|100%| O|  |TAMS 0x0000000080f00000, 0x0000000080e00000| Untracked 
|  15|0x0000000080f00000, 0x0000000081000000, 0x0000000081000000|100%| O|  |TAMS 0x0000000081000000, 0x0000000080f00000| Untracked 
|  16|0x0000000081000000, 0x0000000081100000, 0x0000000081100000|100%| O|  |TAMS 0x0000000081100000, 0x0000000081000000| Untracked 
|  17|0x0000000081100000, 0x0000000081200000, 0x0000000081200000|100%| O|  |TAMS 0x0000000081200000, 0x0000000081100000| Untracked 
|  18|0x0000000081200000, 0x0000000081300000, 0x0000000081300000|100%| O|  |TAMS 0x0000000081300000, 0x0000000081200000| Untracked 
|  19|0x0000000081300000, 0x0000000081400000, 0x0000000081400000|100%|HS|  |TAMS 0x0000000081300000, 0x0000000081300000| Complete 
|  20|0x0000000081400000, 0x0000000081500000, 0x0000000081500000|100%| O|  |TAMS 0x0000000081500000, 0x0000000081400000| Untracked 
|  21|0x0000000081500000, 0x0000000081600000, 0x0000000081600000|100%| O|  |TAMS 0x0000000081600000, 0x0000000081500000| Untracked 
|  22|0x0000000081600000, 0x0000000081700000, 0x0000000081700000|100%| O|  |TAMS 0x0000000081700000, 0x0000000081600000| Untracked 
|  23|0x0000000081700000, 0x0000000081800000, 0x0000000081800000|100%| O|  |TAMS 0x0000000081800000, 0x0000000081700000| Untracked 
|  24|0x0000000081800000, 0x0000000081900000, 0x0000000081900000|100%| O|  |TAMS 0x0000000081900000, 0x0000000081800000| Untracked 
|  25|0x0000000081900000, 0x0000000081a00000, 0x0000000081a00000|100%| O|  |TAMS 0x0000000081a00000, 0x0000000081900000| Untracked 
|  26|0x0000000081a00000, 0x0000000081b00000, 0x0000000081b00000|100%| O|  |TAMS 0x0000000081b00000, 0x0000000081a00000| Untracked 
|  27|0x0000000081b00000, 0x0000000081c00000, 0x0000000081c00000|100%| O|  |TAMS 0x0000000081c00000, 0x0000000081b00000| Untracked 
|  28|0x0000000081c00000, 0x0000000081d00000, 0x0000000081d00000|100%| O|  |TAMS 0x0000000081d00000, 0x0000000081c00000| Untracked 
|  29|0x0000000081d00000, 0x0000000081d00000, 0x0000000081e00000|  0%| F|  |TAMS 0x0000000081d00000, 0x0000000081d00000| Untracked 
|  30|0x0000000081e00000, 0x0000000081f00000, 0x0000000081f00000|100%| O|  |TAMS 0x0000000081f00000, 0x0000000081e00000| Untracked 
|  31|0x0000000081f00000, 0x0000000082000000, 0x0000000082000000|100%| O|  |TAMS 0x0000000082000000, 0x0000000081f00000| Untracked 
|  32|0x0000000082000000, 0x0000000082100000, 0x0000000082100000|100%| O|  |TAMS 0x0000000082100000, 0x0000000082000000| Untracked 
|  33|0x0000000082100000, 0x0000000082200000, 0x0000000082200000|100%| O|  |TAMS 0x0000000082200000, 0x0000000082100000| Untracked 
|  34|0x0000000082200000, 0x0000000082300000, 0x0000000082300000|100%| O|  |TAMS 0x0000000082300000, 0x0000000082200000| Untracked 
|  35|0x0000000082300000, 0x0000000082400000, 0x0000000082400000|100%|HS|  |TAMS 0x0000000082400000, 0x0000000082300000| Complete 
|  36|0x0000000082400000, 0x0000000082500000, 0x0000000082500000|100%|HC|  |TAMS 0x0000000082500000, 0x0000000082400000| Complete 
|  37|0x0000000082500000, 0x0000000082600000, 0x0000000082600000|100%| O|  |TAMS 0x0000000082600000, 0x0000000082500000| Untracked 
|  38|0x0000000082600000, 0x0000000082700000, 0x0000000082700000|100%| O|  |TAMS 0x0000000082700000, 0x0000000082600000| Untracked 
|  39|0x0000000082700000, 0x0000000082800000, 0x0000000082800000|100%|HS|  |TAMS 0x0000000082800000, 0x0000000082700000| Complete 
|  40|0x0000000082800000, 0x0000000082900000, 0x0000000082900000|100%|HC|  |TAMS 0x0000000082900000, 0x0000000082800000| Complete 
|  41|0x0000000082900000, 0x0000000082a00000, 0x0000000082a00000|100%|HS|  |TAMS 0x0000000082a00000, 0x0000000082900000| Complete 
|  42|0x0000000082a00000, 0x0000000082b00000, 0x0000000082b00000|100%|HC|  |TAMS 0x0000000082b00000, 0x0000000082a00000| Complete 
|  43|0x0000000082b00000, 0x0000000082c00000, 0x0000000082c00000|100%|HC|  |TAMS 0x0000000082c00000, 0x0000000082b00000| Complete 
|  44|0x0000000082c00000, 0x0000000082d00000, 0x0000000082d00000|100%|HC|  |TAMS 0x0000000082d00000, 0x0000000082c00000| Complete 
|  45|0x0000000082d00000, 0x0000000082e00000, 0x0000000082e00000|100%| O|  |TAMS 0x0000000082e00000, 0x0000000082d00000| Untracked 
|  46|0x0000000082e00000, 0x0000000082f00000, 0x0000000082f00000|100%| O|  |TAMS 0x0000000082f00000, 0x0000000082e00000| Untracked 
|  47|0x0000000082f00000, 0x0000000083000000, 0x0000000083000000|100%| O|  |TAMS 0x0000000083000000, 0x0000000082f00000| Untracked 
|  48|0x0000000083000000, 0x0000000083100000, 0x0000000083100000|100%| O|  |TAMS 0x0000000083100000, 0x0000000083000000| Untracked 
|  49|0x0000000083100000, 0x0000000083200000, 0x0000000083200000|100%|HS|  |TAMS 0x0000000083200000, 0x0000000083100000| Complete 
|  50|0x0000000083200000, 0x0000000083300000, 0x0000000083300000|100%|HC|  |TAMS 0x0000000083300000, 0x0000000083200000| Complete 
|  51|0x0000000083300000, 0x0000000083400000, 0x0000000083400000|100%|HC|  |TAMS 0x0000000083400000, 0x0000000083300000| Complete 
|  52|0x0000000083400000, 0x0000000083500000, 0x0000000083500000|100%|HC|  |TAMS 0x0000000083500000, 0x0000000083400000| Complete 
|  53|0x0000000083500000, 0x0000000083600000, 0x0000000083600000|100%| O|  |TAMS 0x0000000083600000, 0x0000000083500000| Untracked 
|  54|0x0000000083600000, 0x0000000083700000, 0x0000000083700000|100%| O|  |TAMS 0x0000000083700000, 0x0000000083600000| Untracked 
|  55|0x0000000083700000, 0x0000000083800000, 0x0000000083800000|100%| O|  |TAMS 0x0000000083800000, 0x0000000083700000| Untracked 
|  56|0x0000000083800000, 0x0000000083900000, 0x0000000083900000|100%| O|  |TAMS 0x0000000083900000, 0x0000000083800000| Untracked 
|  57|0x0000000083900000, 0x0000000083a00000, 0x0000000083a00000|100%| O|  |TAMS 0x0000000083a00000, 0x0000000083900000| Untracked 
|  58|0x0000000083a00000, 0x0000000083b00000, 0x0000000083b00000|100%| O|  |TAMS 0x0000000083b00000, 0x0000000083a00000| Untracked 
|  59|0x0000000083b00000, 0x0000000083c00000, 0x0000000083c00000|100%| O|  |TAMS 0x0000000083c00000, 0x0000000083b00000| Untracked 
|  60|0x0000000083c00000, 0x0000000083d00000, 0x0000000083d00000|100%| O|  |TAMS 0x0000000083d00000, 0x0000000083c00000| Untracked 
|  61|0x0000000083d00000, 0x0000000083e00000, 0x0000000083e00000|100%| O|  |TAMS 0x0000000083e00000, 0x0000000083d00000| Untracked 
|  62|0x0000000083e00000, 0x0000000083f00000, 0x0000000083f00000|100%| O|  |TAMS 0x0000000083f00000, 0x0000000083e00000| Untracked 
|  63|0x0000000083f00000, 0x0000000084000000, 0x0000000084000000|100%| O|  |TAMS 0x0000000084000000, 0x0000000083f00000| Untracked 
|  64|0x0000000084000000, 0x0000000084100000, 0x0000000084100000|100%| O|  |TAMS 0x0000000084100000, 0x0000000084000000| Untracked 
|  65|0x0000000084100000, 0x0000000084200000, 0x0000000084200000|100%| O|  |TAMS 0x0000000084200000, 0x0000000084100000| Untracked 
|  66|0x0000000084200000, 0x0000000084300000, 0x0000000084300000|100%| O|  |TAMS 0x0000000084300000, 0x0000000084200000| Untracked 
|  67|0x0000000084300000, 0x0000000084400000, 0x0000000084400000|100%| O|  |TAMS 0x0000000084400000, 0x0000000084300000| Untracked 
|  68|0x0000000084400000, 0x0000000084500000, 0x0000000084500000|100%| O|  |TAMS 0x0000000084500000, 0x0000000084400000| Untracked 
|  69|0x0000000084500000, 0x0000000084600000, 0x0000000084600000|100%| O|  |TAMS 0x0000000084560200, 0x0000000084500000| Untracked 
|  70|0x0000000084600000, 0x0000000084700000, 0x0000000084700000|100%|HS|  |TAMS 0x0000000084600000, 0x0000000084600000| Complete 
|  71|0x0000000084700000, 0x0000000084800000, 0x0000000084800000|100%|HS|  |TAMS 0x0000000084700000, 0x0000000084700000| Complete 
|  72|0x0000000084800000, 0x0000000084900000, 0x0000000084900000|100%|HS|  |TAMS 0x0000000084800000, 0x0000000084800000| Complete 
|  73|0x0000000084900000, 0x0000000084a00000, 0x0000000084a00000|100%|HS|  |TAMS 0x0000000084900000, 0x0000000084900000| Complete 
|  74|0x0000000084a00000, 0x0000000084b00000, 0x0000000084b00000|100%| O|  |TAMS 0x0000000084a00000, 0x0000000084a00000| Untracked 
|  75|0x0000000084b00000, 0x0000000084c00000, 0x0000000084c00000|100%| O|  |TAMS 0x0000000084b00000, 0x0000000084b00000| Untracked 
|  76|0x0000000084c00000, 0x0000000084d00000, 0x0000000084d00000|100%| O|  |TAMS 0x0000000084c00000, 0x0000000084c00000| Untracked 
|  77|0x0000000084d00000, 0x0000000084e00000, 0x0000000084e00000|100%| O|  |TAMS 0x0000000084d00000, 0x0000000084d00000| Untracked 
|  78|0x0000000084e00000, 0x0000000084f00000, 0x0000000084f00000|100%| O|  |TAMS 0x0000000084e00000, 0x0000000084e00000| Untracked 
|  79|0x0000000084f00000, 0x0000000085000000, 0x0000000085000000|100%| O|  |TAMS 0x0000000084f00000, 0x0000000084f00000| Untracked 
|  80|0x0000000085000000, 0x0000000085100000, 0x0000000085100000|100%| O|  |TAMS 0x0000000085000000, 0x0000000085000000| Untracked 
|  81|0x0000000085100000, 0x0000000085200000, 0x0000000085200000|100%| O|  |TAMS 0x0000000085100000, 0x0000000085100000| Untracked 
|  82|0x0000000085200000, 0x0000000085300000, 0x0000000085300000|100%| O|  |TAMS 0x0000000085200000, 0x0000000085200000| Untracked 
|  83|0x0000000085300000, 0x0000000085400000, 0x0000000085400000|100%| O|  |TAMS 0x0000000085300000, 0x0000000085300000| Untracked 
|  84|0x0000000085400000, 0x0000000085500000, 0x0000000085500000|100%| O|  |TAMS 0x0000000085400000, 0x0000000085400000| Untracked 
|  85|0x0000000085500000, 0x0000000085600000, 0x0000000085600000|100%| O|  |TAMS 0x0000000085500000, 0x0000000085500000| Untracked 
|  86|0x0000000085600000, 0x0000000085700000, 0x0000000085700000|100%| O|  |TAMS 0x0000000085600000, 0x0000000085600000| Untracked 
|  87|0x0000000085700000, 0x0000000085800000, 0x0000000085800000|100%| O|  |TAMS 0x0000000085700000, 0x0000000085700000| Untracked 
|  88|0x0000000085800000, 0x00000000858ee800, 0x0000000085900000| 93%| O|  |TAMS 0x0000000085800000, 0x0000000085800000| Untracked 
|  89|0x0000000085900000, 0x0000000085900000, 0x0000000085a00000|  0%| F|  |TAMS 0x0000000085900000, 0x0000000085900000| Untracked 
|  90|0x0000000085a00000, 0x0000000085a00000, 0x0000000085b00000|  0%| F|  |TAMS 0x0000000085a00000, 0x0000000085a00000| Untracked 
|  91|0x0000000085b00000, 0x0000000085b00000, 0x0000000085c00000|  0%| F|  |TAMS 0x0000000085b00000, 0x0000000085b00000| Untracked 
|  92|0x0000000085c00000, 0x0000000085c00000, 0x0000000085d00000|  0%| F|  |TAMS 0x0000000085c00000, 0x0000000085c00000| Untracked 
|  93|0x0000000085d00000, 0x0000000085d00000, 0x0000000085e00000|  0%| F|  |TAMS 0x0000000085d00000, 0x0000000085d00000| Untracked 
|  94|0x0000000085e00000, 0x0000000085e00000, 0x0000000085f00000|  0%| F|  |TAMS 0x0000000085e00000, 0x0000000085e00000| Untracked 
|  95|0x0000000085f00000, 0x0000000085f00000, 0x0000000086000000|  0%| F|  |TAMS 0x0000000085f00000, 0x0000000085f00000| Untracked 
|  96|0x0000000086000000, 0x0000000086000000, 0x0000000086100000|  0%| F|  |TAMS 0x0000000086000000, 0x0000000086000000| Untracked 
|  97|0x0000000086100000, 0x0000000086100000, 0x0000000086200000|  0%| F|  |TAMS 0x0000000086100000, 0x0000000086100000| Untracked 
|  98|0x0000000086200000, 0x0000000086200000, 0x0000000086300000|  0%| F|  |TAMS 0x0000000086200000, 0x0000000086200000| Untracked 
|  99|0x0000000086300000, 0x0000000086300000, 0x0000000086400000|  0%| F|  |TAMS 0x0000000086300000, 0x0000000086300000| Untracked 
| 100|0x0000000086400000, 0x0000000086400000, 0x0000000086500000|  0%| F|  |TAMS 0x0000000086400000, 0x0000000086400000| Untracked 
| 101|0x0000000086500000, 0x0000000086500000, 0x0000000086600000|  0%| F|  |TAMS 0x0000000086500000, 0x0000000086500000| Untracked 
| 102|0x0000000086600000, 0x0000000086600000, 0x0000000086700000|  0%| F|  |TAMS 0x0000000086600000, 0x0000000086600000| Untracked 
| 103|0x0000000086700000, 0x0000000086700000, 0x0000000086800000|  0%| F|  |TAMS 0x0000000086700000, 0x0000000086700000| Untracked 
| 104|0x0000000086800000, 0x0000000086800000, 0x0000000086900000|  0%| F|  |TAMS 0x0000000086800000, 0x0000000086800000| Untracked 
| 105|0x0000000086900000, 0x0000000086900000, 0x0000000086a00000|  0%| F|  |TAMS 0x0000000086900000, 0x0000000086900000| Untracked 
| 106|0x0000000086a00000, 0x0000000086a00000, 0x0000000086b00000|  0%| F|  |TAMS 0x0000000086a00000, 0x0000000086a00000| Untracked 
| 107|0x0000000086b00000, 0x0000000086b00000, 0x0000000086c00000|  0%| F|  |TAMS 0x0000000086b00000, 0x0000000086b00000| Untracked 
| 108|0x0000000086c00000, 0x0000000086c00000, 0x0000000086d00000|  0%| F|  |TAMS 0x0000000086c00000, 0x0000000086c00000| Untracked 
| 109|0x0000000086d00000, 0x0000000086d00000, 0x0000000086e00000|  0%| F|  |TAMS 0x0000000086d00000, 0x0000000086d00000| Untracked 
| 110|0x0000000086e00000, 0x0000000086e00000, 0x0000000086f00000|  0%| F|  |TAMS 0x0000000086e00000, 0x0000000086e00000| Untracked 
| 111|0x0000000086f00000, 0x0000000086f00000, 0x0000000087000000|  0%| F|  |TAMS 0x0000000086f00000, 0x0000000086f00000| Untracked 
| 112|0x0000000087000000, 0x0000000087000000, 0x0000000087100000|  0%| F|  |TAMS 0x0000000087000000, 0x0000000087000000| Untracked 
| 113|0x0000000087100000, 0x0000000087100000, 0x0000000087200000|  0%| F|  |TAMS 0x0000000087100000, 0x0000000087100000| Untracked 
| 114|0x0000000087200000, 0x0000000087200000, 0x0000000087300000|  0%| F|  |TAMS 0x0000000087200000, 0x0000000087200000| Untracked 
| 115|0x0000000087300000, 0x0000000087300000, 0x0000000087400000|  0%| F|  |TAMS 0x0000000087300000, 0x0000000087300000| Untracked 
| 116|0x0000000087400000, 0x0000000087400000, 0x0000000087500000|  0%| F|  |TAMS 0x0000000087400000, 0x0000000087400000| Untracked 
| 117|0x0000000087500000, 0x0000000087500000, 0x0000000087600000|  0%| F|  |TAMS 0x0000000087500000, 0x0000000087500000| Untracked 
| 118|0x0000000087600000, 0x0000000087600000, 0x0000000087700000|  0%| F|  |TAMS 0x0000000087600000, 0x0000000087600000| Untracked 
| 119|0x0000000087700000, 0x0000000087700000, 0x0000000087800000|  0%| F|  |TAMS 0x0000000087700000, 0x0000000087700000| Untracked 
| 120|0x0000000087800000, 0x0000000087800000, 0x0000000087900000|  0%| F|  |TAMS 0x0000000087800000, 0x0000000087800000| Untracked 
| 121|0x0000000087900000, 0x0000000087900000, 0x0000000087a00000|  0%| F|  |TAMS 0x0000000087900000, 0x0000000087900000| Untracked 
| 122|0x0000000087a00000, 0x0000000087a00000, 0x0000000087b00000|  0%| F|  |TAMS 0x0000000087a00000, 0x0000000087a00000| Untracked 
| 123|0x0000000087b00000, 0x0000000087b00000, 0x0000000087c00000|  0%| F|  |TAMS 0x0000000087b00000, 0x0000000087b00000| Untracked 
| 124|0x0000000087c00000, 0x0000000087c00000, 0x0000000087d00000|  0%| F|  |TAMS 0x0000000087c00000, 0x0000000087c00000| Untracked 
| 125|0x0000000087d00000, 0x0000000087d00000, 0x0000000087e00000|  0%| F|  |TAMS 0x0000000087d00000, 0x0000000087d00000| Untracked 
| 126|0x0000000087e00000, 0x0000000087e00000, 0x0000000087f00000|  0%| F|  |TAMS 0x0000000087e00000, 0x0000000087e00000| Untracked 
| 127|0x0000000087f00000, 0x0000000087f00000, 0x0000000088000000|  0%| F|  |TAMS 0x0000000087f00000, 0x0000000087f00000| Untracked 
| 128|0x0000000088000000, 0x0000000088000000, 0x0000000088100000|  0%| F|  |TAMS 0x0000000088000000, 0x0000000088000000| Untracked 
| 129|0x0000000088100000, 0x0000000088100000, 0x0000000088200000|  0%| F|  |TAMS 0x0000000088100000, 0x0000000088100000| Untracked 
| 130|0x0000000088200000, 0x0000000088200000, 0x0000000088300000|  0%| F|  |TAMS 0x0000000088200000, 0x0000000088200000| Untracked 
| 131|0x0000000088300000, 0x0000000088300000, 0x0000000088400000|  0%| F|  |TAMS 0x0000000088300000, 0x0000000088300000| Untracked 
| 132|0x0000000088400000, 0x0000000088400000, 0x0000000088500000|  0%| F|  |TAMS 0x0000000088400000, 0x0000000088400000| Untracked 
| 133|0x0000000088500000, 0x0000000088500000, 0x0000000088600000|  0%| F|  |TAMS 0x0000000088500000, 0x0000000088500000| Untracked 
| 134|0x0000000088600000, 0x0000000088600000, 0x0000000088700000|  0%| F|  |TAMS 0x0000000088600000, 0x0000000088600000| Untracked 
| 135|0x0000000088700000, 0x0000000088700000, 0x0000000088800000|  0%| F|  |TAMS 0x0000000088700000, 0x0000000088700000| Untracked 
| 136|0x0000000088800000, 0x0000000088800000, 0x0000000088900000|  0%| F|  |TAMS 0x0000000088800000, 0x0000000088800000| Untracked 
| 137|0x0000000088900000, 0x0000000088900000, 0x0000000088a00000|  0%| F|  |TAMS 0x0000000088900000, 0x0000000088900000| Untracked 
| 138|0x0000000088a00000, 0x0000000088ab2b30, 0x0000000088b00000| 69%| S|CS|TAMS 0x0000000088a00000, 0x0000000088a00000| Complete 
| 139|0x0000000088b00000, 0x0000000088c00000, 0x0000000088c00000|100%| S|CS|TAMS 0x0000000088b00000, 0x0000000088b00000| Complete 
| 140|0x0000000088c00000, 0x0000000088d00000, 0x0000000088d00000|100%| S|CS|TAMS 0x0000000088c00000, 0x0000000088c00000| Complete 
| 141|0x0000000088d00000, 0x0000000088e00000, 0x0000000088e00000|100%| S|CS|TAMS 0x0000000088d00000, 0x0000000088d00000| Complete 
| 142|0x0000000088e00000, 0x0000000088f00000, 0x0000000088f00000|100%| S|CS|TAMS 0x0000000088e00000, 0x0000000088e00000| Complete 
| 143|0x0000000088f00000, 0x0000000089000000, 0x0000000089000000|100%| S|CS|TAMS 0x0000000088f00000, 0x0000000088f00000| Complete 
| 144|0x0000000089000000, 0x0000000089100000, 0x0000000089100000|100%| S|CS|TAMS 0x0000000089000000, 0x0000000089000000| Complete 
| 145|0x0000000089100000, 0x0000000089100000, 0x0000000089200000|  0%| F|  |TAMS 0x0000000089100000, 0x0000000089100000| Untracked 
| 146|0x0000000089200000, 0x0000000089200000, 0x0000000089300000|  0%| F|  |TAMS 0x0000000089200000, 0x0000000089200000| Untracked 
| 147|0x0000000089300000, 0x0000000089300000, 0x0000000089400000|  0%| F|  |TAMS 0x0000000089300000, 0x0000000089300000| Untracked 
| 148|0x0000000089400000, 0x0000000089400000, 0x0000000089500000|  0%| F|  |TAMS 0x0000000089400000, 0x0000000089400000| Untracked 
| 149|0x0000000089500000, 0x0000000089500000, 0x0000000089600000|  0%| F|  |TAMS 0x0000000089500000, 0x0000000089500000| Untracked 
| 150|0x0000000089600000, 0x0000000089600000, 0x0000000089700000|  0%| F|  |TAMS 0x0000000089600000, 0x0000000089600000| Untracked 
| 151|0x0000000089700000, 0x0000000089700000, 0x0000000089800000|  0%| F|  |TAMS 0x0000000089700000, 0x0000000089700000| Untracked 
| 152|0x0000000089800000, 0x0000000089800000, 0x0000000089900000|  0%| F|  |TAMS 0x0000000089800000, 0x0000000089800000| Untracked 
| 153|0x0000000089900000, 0x0000000089900000, 0x0000000089a00000|  0%| F|  |TAMS 0x0000000089900000, 0x0000000089900000| Untracked 
| 154|0x0000000089a00000, 0x0000000089a00000, 0x0000000089b00000|  0%| F|  |TAMS 0x0000000089a00000, 0x0000000089a00000| Untracked 
| 155|0x0000000089b00000, 0x0000000089b00000, 0x0000000089c00000|  0%| F|  |TAMS 0x0000000089b00000, 0x0000000089b00000| Untracked 
| 156|0x0000000089c00000, 0x0000000089c00000, 0x0000000089d00000|  0%| F|  |TAMS 0x0000000089c00000, 0x0000000089c00000| Untracked 
| 157|0x0000000089d00000, 0x0000000089d00000, 0x0000000089e00000|  0%| F|  |TAMS 0x0000000089d00000, 0x0000000089d00000| Untracked 
| 158|0x0000000089e00000, 0x0000000089e00000, 0x0000000089f00000|  0%| F|  |TAMS 0x0000000089e00000, 0x0000000089e00000| Untracked 
| 159|0x0000000089f00000, 0x0000000089f00000, 0x000000008a000000|  0%| F|  |TAMS 0x0000000089f00000, 0x0000000089f00000| Untracked 
| 160|0x000000008a000000, 0x000000008a000000, 0x000000008a100000|  0%| F|  |TAMS 0x000000008a000000, 0x000000008a000000| Untracked 
| 161|0x000000008a100000, 0x000000008a100000, 0x000000008a200000|  0%| F|  |TAMS 0x000000008a100000, 0x000000008a100000| Untracked 
| 162|0x000000008a200000, 0x000000008a200000, 0x000000008a300000|  0%| F|  |TAMS 0x000000008a200000, 0x000000008a200000| Untracked 
| 163|0x000000008a300000, 0x000000008a300000, 0x000000008a400000|  0%| F|  |TAMS 0x000000008a300000, 0x000000008a300000| Untracked 
| 164|0x000000008a400000, 0x000000008a400000, 0x000000008a500000|  0%| F|  |TAMS 0x000000008a400000, 0x000000008a400000| Untracked 
| 165|0x000000008a500000, 0x000000008a500000, 0x000000008a600000|  0%| F|  |TAMS 0x000000008a500000, 0x000000008a500000| Untracked 
| 166|0x000000008a600000, 0x000000008a600000, 0x000000008a700000|  0%| F|  |TAMS 0x000000008a600000, 0x000000008a600000| Untracked 
| 167|0x000000008a700000, 0x000000008a700000, 0x000000008a800000|  0%| F|  |TAMS 0x000000008a700000, 0x000000008a700000| Untracked 
| 168|0x000000008a800000, 0x000000008a800000, 0x000000008a900000|  0%| F|  |TAMS 0x000000008a800000, 0x000000008a800000| Untracked 
| 169|0x000000008a900000, 0x000000008a900000, 0x000000008aa00000|  0%| F|  |TAMS 0x000000008a900000, 0x000000008a900000| Untracked 
| 170|0x000000008aa00000, 0x000000008aa00000, 0x000000008ab00000|  0%| F|  |TAMS 0x000000008aa00000, 0x000000008aa00000| Untracked 
| 171|0x000000008ab00000, 0x000000008ab00000, 0x000000008ac00000|  0%| F|  |TAMS 0x000000008ab00000, 0x000000008ab00000| Untracked 
| 172|0x000000008ac00000, 0x000000008ac00000, 0x000000008ad00000|  0%| F|  |TAMS 0x000000008ac00000, 0x000000008ac00000| Untracked 
| 173|0x000000008ad00000, 0x000000008ad00000, 0x000000008ae00000|  0%| F|  |TAMS 0x000000008ad00000, 0x000000008ad00000| Untracked 
| 174|0x000000008ae00000, 0x000000008ae00000, 0x000000008af00000|  0%| F|  |TAMS 0x000000008ae00000, 0x000000008ae00000| Untracked 
| 175|0x000000008af00000, 0x000000008af00000, 0x000000008b000000|  0%| F|  |TAMS 0x000000008af00000, 0x000000008af00000| Untracked 
| 176|0x000000008b000000, 0x000000008b000000, 0x000000008b100000|  0%| F|  |TAMS 0x000000008b000000, 0x000000008b000000| Untracked 
| 177|0x000000008b100000, 0x000000008b100000, 0x000000008b200000|  0%| F|  |TAMS 0x000000008b100000, 0x000000008b100000| Untracked 
| 178|0x000000008b200000, 0x000000008b200000, 0x000000008b300000|  0%| F|  |TAMS 0x000000008b200000, 0x000000008b200000| Untracked 
| 179|0x000000008b300000, 0x000000008b300000, 0x000000008b400000|  0%| F|  |TAMS 0x000000008b300000, 0x000000008b300000| Untracked 
| 180|0x000000008b400000, 0x000000008b400000, 0x000000008b500000|  0%| F|  |TAMS 0x000000008b400000, 0x000000008b400000| Untracked 
| 181|0x000000008b500000, 0x000000008b500000, 0x000000008b600000|  0%| F|  |TAMS 0x000000008b500000, 0x000000008b500000| Untracked 
| 182|0x000000008b600000, 0x000000008b600000, 0x000000008b700000|  0%| F|  |TAMS 0x000000008b600000, 0x000000008b600000| Untracked 
| 183|0x000000008b700000, 0x000000008b700000, 0x000000008b800000|  0%| F|  |TAMS 0x000000008b700000, 0x000000008b700000| Untracked 
| 184|0x000000008b800000, 0x000000008b800000, 0x000000008b900000|  0%| F|  |TAMS 0x000000008b800000, 0x000000008b800000| Untracked 
| 185|0x000000008b900000, 0x000000008b900000, 0x000000008ba00000|  0%| F|  |TAMS 0x000000008b900000, 0x000000008b900000| Untracked 
| 186|0x000000008ba00000, 0x000000008ba01420, 0x000000008bb00000|  0%| E|  |TAMS 0x000000008ba00000, 0x000000008ba00000| Complete 
| 187|0x000000008bb00000, 0x000000008bc00000, 0x000000008bc00000|100%| E|CS|TAMS 0x000000008bb00000, 0x000000008bb00000| Complete 
| 188|0x000000008bc00000, 0x000000008bd00000, 0x000000008bd00000|100%| E|CS|TAMS 0x000000008bc00000, 0x000000008bc00000| Complete 
| 189|0x000000008bd00000, 0x000000008be00000, 0x000000008be00000|100%| E|CS|TAMS 0x000000008bd00000, 0x000000008bd00000| Complete 
| 190|0x000000008be00000, 0x000000008bf00000, 0x000000008bf00000|100%| E|CS|TAMS 0x000000008be00000, 0x000000008be00000| Complete 
| 191|0x000000008bf00000, 0x000000008c000000, 0x000000008c000000|100%| E|CS|TAMS 0x000000008bf00000, 0x000000008bf00000| Complete 
| 192|0x000000008c000000, 0x000000008c100000, 0x000000008c100000|100%| E|CS|TAMS 0x000000008c000000, 0x000000008c000000| Complete 
| 193|0x000000008c100000, 0x000000008c200000, 0x000000008c200000|100%| E|CS|TAMS 0x000000008c100000, 0x000000008c100000| Complete 
| 194|0x000000008c200000, 0x000000008c300000, 0x000000008c300000|100%| E|CS|TAMS 0x000000008c200000, 0x000000008c200000| Complete 
| 195|0x000000008c300000, 0x000000008c400000, 0x000000008c400000|100%| E|CS|TAMS 0x000000008c300000, 0x000000008c300000| Complete 
| 196|0x000000008c400000, 0x000000008c500000, 0x000000008c500000|100%| E|CS|TAMS 0x000000008c400000, 0x000000008c400000| Complete 
| 197|0x000000008c500000, 0x000000008c600000, 0x000000008c600000|100%| E|CS|TAMS 0x000000008c500000, 0x000000008c500000| Complete 
| 198|0x000000008c600000, 0x000000008c700000, 0x000000008c700000|100%| E|CS|TAMS 0x000000008c600000, 0x000000008c600000| Complete 
| 199|0x000000008c700000, 0x000000008c800000, 0x000000008c800000|100%| E|CS|TAMS 0x000000008c700000, 0x000000008c700000| Complete 
| 200|0x000000008c800000, 0x000000008c900000, 0x000000008c900000|100%| E|CS|TAMS 0x000000008c800000, 0x000000008c800000| Complete 
| 201|0x000000008c900000, 0x000000008ca00000, 0x000000008ca00000|100%| E|CS|TAMS 0x000000008c900000, 0x000000008c900000| Complete 
| 202|0x000000008ca00000, 0x000000008cb00000, 0x000000008cb00000|100%| E|CS|TAMS 0x000000008ca00000, 0x000000008ca00000| Complete 
| 203|0x000000008cb00000, 0x000000008cc00000, 0x000000008cc00000|100%| E|CS|TAMS 0x000000008cb00000, 0x000000008cb00000| Complete 
| 204|0x000000008cc00000, 0x000000008cd00000, 0x000000008cd00000|100%| E|CS|TAMS 0x000000008cc00000, 0x000000008cc00000| Complete 
| 205|0x000000008cd00000, 0x000000008ce00000, 0x000000008ce00000|100%| E|CS|TAMS 0x000000008cd00000, 0x000000008cd00000| Complete 
| 206|0x000000008ce00000, 0x000000008cf00000, 0x000000008cf00000|100%| E|CS|TAMS 0x000000008ce00000, 0x000000008ce00000| Complete 
| 207|0x000000008cf00000, 0x000000008d000000, 0x000000008d000000|100%| E|CS|TAMS 0x000000008cf00000, 0x000000008cf00000| Complete 
| 208|0x000000008d000000, 0x000000008d100000, 0x000000008d100000|100%| E|CS|TAMS 0x000000008d000000, 0x000000008d000000| Complete 
| 209|0x000000008d100000, 0x000000008d200000, 0x000000008d200000|100%| E|CS|TAMS 0x000000008d100000, 0x000000008d100000| Complete 
| 210|0x000000008d200000, 0x000000008d300000, 0x000000008d300000|100%| E|CS|TAMS 0x000000008d200000, 0x000000008d200000| Complete 
| 211|0x000000008d300000, 0x000000008d400000, 0x000000008d400000|100%| E|CS|TAMS 0x000000008d300000, 0x000000008d300000| Complete 
| 212|0x000000008d400000, 0x000000008d500000, 0x000000008d500000|100%| E|CS|TAMS 0x000000008d400000, 0x000000008d400000| Complete 
| 213|0x000000008d500000, 0x000000008d600000, 0x000000008d600000|100%| E|CS|TAMS 0x000000008d500000, 0x000000008d500000| Complete 
| 214|0x000000008d600000, 0x000000008d700000, 0x000000008d700000|100%| E|CS|TAMS 0x000000008d600000, 0x000000008d600000| Complete 
| 215|0x000000008d700000, 0x000000008d800000, 0x000000008d800000|100%| E|CS|TAMS 0x000000008d700000, 0x000000008d700000| Complete 
| 216|0x000000008d800000, 0x000000008d900000, 0x000000008d900000|100%| E|CS|TAMS 0x000000008d800000, 0x000000008d800000| Complete 
| 217|0x000000008d900000, 0x000000008da00000, 0x000000008da00000|100%| E|CS|TAMS 0x000000008d900000, 0x000000008d900000| Complete 
| 218|0x000000008da00000, 0x000000008db00000, 0x000000008db00000|100%| E|CS|TAMS 0x000000008da00000, 0x000000008da00000| Complete 
| 219|0x000000008db00000, 0x000000008dc00000, 0x000000008dc00000|100%| E|CS|TAMS 0x000000008db00000, 0x000000008db00000| Complete 
| 220|0x000000008dc00000, 0x000000008dd00000, 0x000000008dd00000|100%| E|CS|TAMS 0x000000008dc00000, 0x000000008dc00000| Complete 
| 221|0x000000008dd00000, 0x000000008de00000, 0x000000008de00000|100%| E|CS|TAMS 0x000000008dd00000, 0x000000008dd00000| Complete 
| 222|0x000000008de00000, 0x000000008df00000, 0x000000008df00000|100%| E|CS|TAMS 0x000000008de00000, 0x000000008de00000| Complete 
| 223|0x000000008df00000, 0x000000008e000000, 0x000000008e000000|100%| E|CS|TAMS 0x000000008df00000, 0x000000008df00000| Complete 
| 224|0x000000008e000000, 0x000000008e100000, 0x000000008e100000|100%| E|CS|TAMS 0x000000008e000000, 0x000000008e000000| Complete 
| 225|0x000000008e100000, 0x000000008e200000, 0x000000008e200000|100%| E|CS|TAMS 0x000000008e100000, 0x000000008e100000| Complete 
| 226|0x000000008e200000, 0x000000008e300000, 0x000000008e300000|100%| E|CS|TAMS 0x000000008e200000, 0x000000008e200000| Complete 
| 227|0x000000008e300000, 0x000000008e400000, 0x000000008e400000|100%| E|CS|TAMS 0x000000008e300000, 0x000000008e300000| Complete 
| 228|0x000000008e400000, 0x000000008e500000, 0x000000008e500000|100%| E|CS|TAMS 0x000000008e400000, 0x000000008e400000| Complete 
| 229|0x000000008e500000, 0x000000008e600000, 0x000000008e600000|100%| E|CS|TAMS 0x000000008e500000, 0x000000008e500000| Complete 
| 230|0x000000008e600000, 0x000000008e700000, 0x000000008e700000|100%| E|CS|TAMS 0x000000008e600000, 0x000000008e600000| Complete 
| 231|0x000000008e700000, 0x000000008e800000, 0x000000008e800000|100%| E|CS|TAMS 0x000000008e700000, 0x000000008e700000| Complete 
| 232|0x000000008e800000, 0x000000008e900000, 0x000000008e900000|100%| E|CS|TAMS 0x000000008e800000, 0x000000008e800000| Complete 
| 233|0x000000008e900000, 0x000000008ea00000, 0x000000008ea00000|100%| E|CS|TAMS 0x000000008e900000, 0x000000008e900000| Complete 
| 234|0x000000008ea00000, 0x000000008eb00000, 0x000000008eb00000|100%| E|CS|TAMS 0x000000008ea00000, 0x000000008ea00000| Complete 
| 235|0x000000008eb00000, 0x000000008ec00000, 0x000000008ec00000|100%| E|CS|TAMS 0x000000008eb00000, 0x000000008eb00000| Complete 
| 236|0x000000008ec00000, 0x000000008ed00000, 0x000000008ed00000|100%| E|CS|TAMS 0x000000008ec00000, 0x000000008ec00000| Complete 
| 237|0x000000008ed00000, 0x000000008ee00000, 0x000000008ee00000|100%| E|CS|TAMS 0x000000008ed00000, 0x000000008ed00000| Complete 
| 238|0x000000008ee00000, 0x000000008ef00000, 0x000000008ef00000|100%| E|CS|TAMS 0x000000008ee00000, 0x000000008ee00000| Complete 
| 239|0x000000008ef00000, 0x000000008f000000, 0x000000008f000000|100%| E|CS|TAMS 0x000000008ef00000, 0x000000008ef00000| Complete 
| 240|0x000000008f000000, 0x000000008f100000, 0x000000008f100000|100%| E|CS|TAMS 0x000000008f000000, 0x000000008f000000| Complete 
| 241|0x000000008f100000, 0x000000008f200000, 0x000000008f200000|100%| E|CS|TAMS 0x000000008f100000, 0x000000008f100000| Complete 
| 242|0x000000008f200000, 0x000000008f300000, 0x000000008f300000|100%| E|CS|TAMS 0x000000008f200000, 0x000000008f200000| Complete 
| 243|0x000000008f300000, 0x000000008f400000, 0x000000008f400000|100%| E|CS|TAMS 0x000000008f300000, 0x000000008f300000| Complete 

Card table byte_map: [0x000002c57a520000,0x000002c57a920000] _byte_map_base: 0x000002c57a120000

Marking Bits (Prev, Next): (CMBitMap*) 0x000002c57211f810, (CMBitMap*) 0x000002c57211f850
 Prev Bits: [0x000002c57ad20000, 0x000002c57cd20000)
 Next Bits: [0x000002c57cd20000, 0x000002c57ed20000)

Polling page: 0x000002c571870000

Metaspace:

Usage:
  Non-class:     67.47 MB used.
      Class:     10.99 MB used.
       Both:     78.47 MB used.

Virtual space:
  Non-class space:      128.00 MB reserved,      67.88 MB ( 53%) committed,  2 nodes.
      Class space:      416.00 MB reserved,      11.38 MB (  3%) committed,  1 nodes.
             Both:      544.00 MB reserved,      79.25 MB ( 15%) committed. 

Chunk freelists:
   Non-Class:  11.39 MB
       Class:  4.60 MB
        Both:  15.99 MB

MaxMetaspaceSize: 512.00 MB
CompressedClassSpaceSize: 416.00 MB
Initial GC threshold: 21.00 MB
Current GC threshold: 106.50 MB
CDS: on
MetaspaceReclaimPolicy: balanced
 - commit_granule_bytes: 65536.
 - commit_granule_words: 8192.
 - virtual_space_node_default_size: 8388608.
 - enlarge_chunks_in_place: 1.
 - new_chunks_are_fully_committed: 0.
 - uncommit_free_chunks: 1.
 - use_allocation_guard: 0.
 - handle_deallocations: 1.


Internal statistics:

num_allocs_failed_limit: 6.
num_arena_births: 992.
num_arena_deaths: 0.
num_vsnodes_births: 3.
num_vsnodes_deaths: 0.
num_space_committed: 1268.
num_space_uncommitted: 0.
num_chunks_returned_to_freelist: 6.
num_chunks_taken_from_freelist: 4332.
num_chunk_merges: 6.
num_chunk_splits: 2882.
num_chunks_enlarged: 1930.
num_inconsistent_stats: 0.

CodeHeap 'non-profiled nmethods': size=120000Kb used=4299Kb max_used=4299Kb free=115700Kb
 bounds [0x000002c507ad0000, 0x000002c507f10000, 0x000002c50f000000]
CodeHeap 'profiled nmethods': size=120000Kb used=17736Kb max_used=17736Kb free=102263Kb
 bounds [0x000002c500000000, 0x000002c501160000, 0x000002c507530000]
CodeHeap 'non-nmethods': size=5760Kb used=2380Kb max_used=2424Kb free=3379Kb
 bounds [0x000002c507530000, 0x000002c5077a0000, 0x000002c507ad0000]
 total_blobs=10099 nmethods=9192 adapters=819
 compilation: enabled
              stopped_count=0, restarted_count=0
 full_count=0

Compilation events (20 events):
Event: 21.764 Thread 0x000002c57f98e860 nmethod 10016 0x000002c501136790 code [0x000002c501136a80, 0x000002c501137c68]
Event: 21.764 Thread 0x000002c57f98e860 10017       3       org.gradle.api.internal.provider.DefaultValueSourceProviderFactory$DefaultValueSourceSpec::<init> (10 bytes)
Event: 21.764 Thread 0x000002c57f98e860 nmethod 10017 0x000002c501138190 code [0x000002c501138320, 0x000002c5011384d8]
Event: 21.764 Thread 0x000002c57f98e860 10018       3       org.gradle.api.internal.provider.DefaultValueSourceProviderFactory$DefaultValueSourceSpec_Decorated::$gradleInit (10 bytes)
Event: 21.764 Thread 0x000002c57f98e860 nmethod 10018 0x000002c501138590 code [0x000002c501138860, 0x000002c501139868]
Event: 21.764 Thread 0x000002c57f98e860 10020       3       kotlin.collections.CollectionsKt___CollectionsKt::firstOrNull (27 bytes)
Event: 21.764 Thread 0x000002c57f98e860 nmethod 10020 0x000002c501139d10 code [0x000002c501139f40, 0x000002c50113a6b8]
Event: 21.764 Thread 0x000002c57f98e860 10019       1       org.gradle.api.internal.artifacts.configurations.DefaultConfiguration::access$2300 (5 bytes)
Event: 21.764 Thread 0x000002c57f98e860 nmethod 10019 0x000002c507f02910 code [0x000002c507f02aa0, 0x000002c507f02b58]
Event: 21.764 Thread 0x000002c57f98e860 10021       3       org.gradle.api.internal.provider.AbstractMinimalProvider::unpackState (5 bytes)
Event: 21.765 Thread 0x000002c57f98e860 nmethod 10021 0x000002c50113a910 code [0x000002c50113aac0, 0x000002c50113ae38]
Event: 21.776 Thread 0x000002c57f98e860 10022       3       org.gradle.api.internal.DefaultNamedDomainObjectCollection$AbstractDomainObjectCreatingProvider::getName (5 bytes)
Event: 21.776 Thread 0x000002c57f98e860 nmethod 10022 0x000002c50113af90 code [0x000002c50113b120, 0x000002c50113b238]
Event: 21.795 Thread 0x000002c57f98e860 10023       3       org.gradle.internal.snapshot.impl.DefaultIsolatableFactory$IsolatableVisitor::stringValue (6 bytes)
Event: 21.795 Thread 0x000002c57f98e860 nmethod 10023 0x000002c50113b310 code [0x000002c50113b4e0, 0x000002c50113b898]
Event: 21.795 Thread 0x000002c57f98e860 10024       3       org.gradle.internal.snapshot.impl.DefaultIsolatableFactory$IsolatableVisitor::stringValue (9 bytes)
Event: 21.796 Thread 0x000002c57f98e860 nmethod 10024 0x000002c50113ba10 code [0x000002c50113bbc0, 0x000002c50113bef8]
Event: 21.798 Thread 0x000002c57f98e860 10025       3       kotlin.SynchronizedLazyImpl::<init> (34 bytes)
Event: 21.799 Thread 0x000002c57f98e860 nmethod 10025 0x000002c50113c090 code [0x000002c50113c2c0, 0x000002c50113ca38]
Event: 21.808 Thread 0x000002c57f98e860 10029       3       org.gradle.api.internal.artifacts.configurations.DefaultConfiguration::preventIllegalParentMutation (61 bytes)

GC Heap History (20 events):
Event: 15.701 GC heap before
{Heap before GC invocations=16 (full 0):
 garbage-first heap   total 103424K, used 84734K [0x0000000080000000, 0x0000000100000000)
  region size 1024K, 32 young (32768K), 6 survivors (6144K)
 Metaspace       used 53037K, committed 53696K, reserved 491520K
  class space    used 7499K, committed 7808K, reserved 425984K
}
Event: 15.709 GC heap after
{Heap after GC invocations=17 (full 0):
 garbage-first heap   total 124928K, used 61163K [0x0000000080000000, 0x0000000100000000)
  region size 1024K, 2 young (2048K), 2 survivors (2048K)
 Metaspace       used 53037K, committed 53696K, reserved 491520K
  class space    used 7499K, committed 7808K, reserved 425984K
}
Event: 16.313 GC heap before
{Heap before GC invocations=17 (full 0):
 garbage-first heap   total 124928K, used 97003K [0x0000000080000000, 0x0000000100000000)
  region size 1024K, 37 young (37888K), 2 survivors (2048K)
 Metaspace       used 56516K, committed 57216K, reserved 491520K
  class space    used 7975K, committed 8320K, reserved 425984K
}
Event: 16.318 GC heap after
{Heap after GC invocations=18 (full 0):
 garbage-first heap   total 124928K, used 62986K [0x0000000080000000, 0x0000000100000000)
  region size 1024K, 4 young (4096K), 4 survivors (4096K)
 Metaspace       used 56516K, committed 57216K, reserved 491520K
  class space    used 7975K, committed 8320K, reserved 425984K
}
Event: 16.807 GC heap before
{Heap before GC invocations=19 (full 0):
 garbage-first heap   total 124928K, used 97802K [0x0000000080000000, 0x0000000100000000)
  region size 1024K, 38 young (38912K), 4 survivors (4096K)
 Metaspace       used 59451K, committed 60160K, reserved 491520K
  class space    used 8433K, committed 8768K, reserved 425984K
}
Event: 16.813 GC heap after
{Heap after GC invocations=20 (full 0):
 garbage-first heap   total 124928K, used 64180K [0x0000000080000000, 0x0000000100000000)
  region size 1024K, 4 young (4096K), 4 survivors (4096K)
 Metaspace       used 59451K, committed 60160K, reserved 491520K
  class space    used 8433K, committed 8768K, reserved 425984K
}
Event: 17.257 GC heap before
{Heap before GC invocations=20 (full 0):
 garbage-first heap   total 124928K, used 98996K [0x0000000080000000, 0x0000000100000000)
  region size 1024K, 38 young (38912K), 4 survivors (4096K)
 Metaspace       used 61574K, committed 62208K, reserved 491520K
  class space    used 8728K, committed 9024K, reserved 425984K
}
Event: 17.261 GC heap after
{Heap after GC invocations=21 (full 0):
 garbage-first heap   total 124928K, used 66161K [0x0000000080000000, 0x0000000100000000)
  region size 1024K, 4 young (4096K), 4 survivors (4096K)
 Metaspace       used 61574K, committed 62208K, reserved 491520K
  class space    used 8728K, committed 9024K, reserved 425984K
}
Event: 17.734 GC heap before
{Heap before GC invocations=22 (full 0):
 garbage-first heap   total 124928K, used 99953K [0x0000000080000000, 0x0000000100000000)
  region size 1024K, 37 young (37888K), 4 survivors (4096K)
 Metaspace       used 62868K, committed 63552K, reserved 491520K
  class space    used 8910K, committed 9216K, reserved 425984K
}
Event: 17.740 GC heap after
{Heap after GC invocations=23 (full 0):
 garbage-first heap   total 124928K, used 69959K [0x0000000080000000, 0x0000000100000000)
  region size 1024K, 5 young (5120K), 5 survivors (5120K)
 Metaspace       used 62868K, committed 63552K, reserved 491520K
  class space    used 8910K, committed 9216K, reserved 425984K
}
Event: 17.746 GC heap before
{Heap before GC invocations=23 (full 0):
 garbage-first heap   total 124928K, used 70983K [0x0000000080000000, 0x0000000100000000)
  region size 1024K, 6 young (6144K), 5 survivors (5120K)
 Metaspace       used 62873K, committed 63552K, reserved 491520K
  class space    used 8910K, committed 9216K, reserved 425984K
}
Event: 17.750 GC heap after
{Heap after GC invocations=24 (full 0):
 garbage-first heap   total 124928K, used 70931K [0x0000000080000000, 0x0000000100000000)
  region size 1024K, 1 young (1024K), 1 survivors (1024K)
 Metaspace       used 62873K, committed 63552K, reserved 491520K
  class space    used 8910K, committed 9216K, reserved 425984K
}
Event: 18.315 GC heap before
{Heap before GC invocations=24 (full 0):
 garbage-first heap   total 124928K, used 101651K [0x0000000080000000, 0x0000000100000000)
  region size 1024K, 31 young (31744K), 1 survivors (1024K)
 Metaspace       used 64677K, committed 65344K, reserved 491520K
  class space    used 9153K, committed 9472K, reserved 425984K
}
Event: 18.322 GC heap after
{Heap after GC invocations=25 (full 0):
 garbage-first heap   total 249856K, used 73257K [0x0000000080000000, 0x0000000100000000)
  region size 1024K, 4 young (4096K), 4 survivors (4096K)
 Metaspace       used 64677K, committed 65344K, reserved 491520K
  class space    used 9153K, committed 9472K, reserved 425984K
}
Event: 19.730 GC heap before
{Heap before GC invocations=26 (full 0):
 garbage-first heap   total 249856K, used 186921K [0x0000000080000000, 0x0000000100000000)
  region size 1024K, 111 young (113664K), 4 survivors (4096K)
 Metaspace       used 68614K, committed 69440K, reserved 491520K
  class space    used 9783K, committed 10176K, reserved 425984K
}
Event: 19.744 GC heap after
{Heap after GC invocations=27 (full 0):
 garbage-first heap   total 249856K, used 89613K [0x0000000080000000, 0x0000000100000000)
  region size 1024K, 14 young (14336K), 14 survivors (14336K)
 Metaspace       used 68614K, committed 69440K, reserved 491520K
  class space    used 9783K, committed 10176K, reserved 425984K
}
Event: 19.764 GC heap before
{Heap before GC invocations=27 (full 0):
 garbage-first heap   total 249856K, used 91661K [0x0000000080000000, 0x0000000100000000)
  region size 1024K, 15 young (15360K), 14 survivors (14336K)
 Metaspace       used 68672K, committed 69440K, reserved 491520K
  class space    used 9790K, committed 10176K, reserved 425984K
}
Event: 19.772 GC heap after
{Heap after GC invocations=28 (full 0):
 garbage-first heap   total 249856K, used 91384K [0x0000000080000000, 0x0000000100000000)
  region size 1024K, 2 young (2048K), 2 survivors (2048K)
 Metaspace       used 68672K, committed 69440K, reserved 491520K
  class space    used 9790K, committed 10176K, reserved 425984K
}
Event: 21.115 GC heap before
{Heap before GC invocations=28 (full 0):
 garbage-first heap   total 249856K, used 196856K [0x0000000080000000, 0x0000000100000000)
  region size 1024K, 99 young (101376K), 2 survivors (2048K)
 Metaspace       used 76187K, committed 76992K, reserved 557056K
  class space    used 10688K, committed 11072K, reserved 425984K
}
Event: 21.121 GC heap after
{Heap after GC invocations=29 (full 0):
 garbage-first heap   total 249856K, used 96900K [0x0000000080000000, 0x0000000100000000)
  region size 1024K, 7 young (7168K), 7 survivors (7168K)
 Metaspace       used 76187K, committed 76992K, reserved 557056K
  class space    used 10688K, committed 11072K, reserved 425984K
}

Dll operation events (15 events):
Event: 0.014 Loaded shared library C:\Program Files\Microsoft\jdk-17.0.10.7-hotspot\bin\java.dll
Event: 0.047 Loaded shared library C:\Program Files\Microsoft\jdk-17.0.10.7-hotspot\bin\jsvml.dll
Event: 0.092 Loaded shared library C:\Program Files\Microsoft\jdk-17.0.10.7-hotspot\bin\zip.dll
Event: 0.095 Loaded shared library C:\Program Files\Microsoft\jdk-17.0.10.7-hotspot\bin\instrument.dll
Event: 0.099 Loaded shared library C:\Program Files\Microsoft\jdk-17.0.10.7-hotspot\bin\net.dll
Event: 0.101 Loaded shared library C:\Program Files\Microsoft\jdk-17.0.10.7-hotspot\bin\nio.dll
Event: 0.106 Loaded shared library C:\Program Files\Microsoft\jdk-17.0.10.7-hotspot\bin\zip.dll
Event: 0.315 Loaded shared library C:\Program Files\Microsoft\jdk-17.0.10.7-hotspot\bin\jimage.dll
Event: 0.382 Loaded shared library C:\Program Files\Microsoft\jdk-17.0.10.7-hotspot\bin\verify.dll
Event: 0.547 Loaded shared library C:\Users\ihabg\.gradle\native\c067742578af261105cb4f569cf0c3c89f3d7b1fecec35dd04571415982c5e48\windows-amd64\native-platform.dll
Event: 0.559 Loaded shared library C:\Users\ihabg\.gradle\native\38dada09dfb8b06ba9b0570ebf7e218e3eb74d4ef43ca46872605cf95ebc2f47\windows-amd64\native-platform-file-events.dll
Event: 1.778 Loaded shared library C:\Program Files\Microsoft\jdk-17.0.10.7-hotspot\bin\management.dll
Event: 1.782 Loaded shared library C:\Program Files\Microsoft\jdk-17.0.10.7-hotspot\bin\management_ext.dll
Event: 2.063 Loaded shared library C:\Program Files\Microsoft\jdk-17.0.10.7-hotspot\bin\extnet.dll
Event: 2.296 Loaded shared library C:\Program Files\Microsoft\jdk-17.0.10.7-hotspot\bin\sunmscapi.dll

Deoptimization events (20 events):
Event: 21.287 Thread 0x000002c531407190 Uncommon trap: trap_request=0xffffff45 fr.pc=0x000002c507e98898 relative=0x0000000000001598
Event: 21.287 Thread 0x000002c531407190 Uncommon trap: reason=unstable_if action=reinterpret pc=0x000002c507e98898 method=sun.reflect.annotation.AnnotationInvocationHandler.memberValueHashCode(Ljava/lang/Object;)I @ 9 c2
Event: 21.287 Thread 0x000002c531407190 DEOPT PACKING pc=0x000002c507e98898 sp=0x000000f53d4f31c0
Event: 21.287 Thread 0x000002c531407190 DEOPT UNPACKING pc=0x000002c5075869a3 sp=0x000000f53d4f30a8 mode 2
Event: 21.290 Thread 0x000002c531407190 Uncommon trap: trap_request=0xffffff45 fr.pc=0x000002c507e955b4 relative=0x00000000000002f4
Event: 21.290 Thread 0x000002c531407190 Uncommon trap: reason=unstable_if action=reinterpret pc=0x000002c507e955b4 method=org.gradle.internal.reflect.PropertyAccessorType.of(Ljava/lang/reflect/Method;)Lorg/gradle/internal/reflect/PropertyAccessorType; @ 56 c2
Event: 21.290 Thread 0x000002c531407190 DEOPT PACKING pc=0x000002c507e955b4 sp=0x000000f53d4f32f0
Event: 21.290 Thread 0x000002c531407190 DEOPT UNPACKING pc=0x000002c5075869a3 sp=0x000000f53d4f32b0 mode 2
Event: 21.317 Thread 0x000002c531407190 Uncommon trap: trap_request=0xffffff45 fr.pc=0x000002c507b33728 relative=0x0000000000000128
Event: 21.317 Thread 0x000002c531407190 Uncommon trap: reason=unstable_if action=reinterpret pc=0x000002c507b33728 method=org.objectweb.asm.ByteVector.putByteArray([BII)Lorg/objectweb/asm/ByteVector; @ 20 c2
Event: 21.317 Thread 0x000002c531407190 DEOPT PACKING pc=0x000002c507b33728 sp=0x000000f53d4f1a80
Event: 21.317 Thread 0x000002c531407190 DEOPT UNPACKING pc=0x000002c5075869a3 sp=0x000000f53d4f1a50 mode 2
Event: 21.317 Thread 0x000002c531407190 Uncommon trap: trap_request=0xffffff45 fr.pc=0x000002c507b3db58 relative=0x0000000000000998
Event: 21.317 Thread 0x000002c531407190 Uncommon trap: reason=unstable_if action=reinterpret pc=0x000002c507b3db58 method=org.objectweb.asm.Label.resolve([BI)Z @ 80 c2
Event: 21.317 Thread 0x000002c531407190 DEOPT PACKING pc=0x000002c507b3db58 sp=0x000000f53d4f1ac0
Event: 21.317 Thread 0x000002c531407190 DEOPT UNPACKING pc=0x000002c5075869a3 sp=0x000000f53d4f19e0 mode 2
Event: 21.317 Thread 0x000002c531407190 Uncommon trap: trap_request=0xffffff45 fr.pc=0x000002c507dad330 relative=0x0000000000000210
Event: 21.317 Thread 0x000002c531407190 Uncommon trap: reason=unstable_if action=reinterpret pc=0x000002c507dad330 method=org.objectweb.asm.Label.resolve([BI)Z @ 80 c2
Event: 21.317 Thread 0x000002c531407190 DEOPT PACKING pc=0x000002c507dad330 sp=0x000000f53d4f1a50
Event: 21.317 Thread 0x000002c531407190 DEOPT UNPACKING pc=0x000002c5075869a3 sp=0x000000f53d4f19d0 mode 2

Classes unloaded (0 events):
No events

Classes redefined (0 events):
No events

Internal exceptions (20 events):
Event: 19.002 Thread 0x000002c53223fe00 Exception <a 'sun/nio/fs/WindowsException'{0x000000008debb1b0}> (0x000000008debb1b0) 
thrown [s\src\hotspot\share\prims\jni.cpp, line 516]
Event: 19.313 Thread 0x000002c531407190 Exception <a 'java/lang/ClassNotFoundException'{0x0000000089d27748}: build_77stie9wv99fepbceyz55y0nyBeanInfo> (0x0000000089d27748) 
thrown [s\src\hotspot\share\classfile\systemDictionary.cpp, line 256]
Event: 19.313 Thread 0x000002c531407190 Exception <a 'java/lang/ClassNotFoundException'{0x0000000089d2e048}: build_77stie9wv99fepbceyz55y0nyCustomizer> (0x0000000089d2e048) 
thrown [s\src\hotspot\share\classfile\systemDictionary.cpp, line 256]
Event: 19.562 Thread 0x000002c531407190 Exception <a 'java/lang/ClassNotFoundException'{0x00000000895af3b0}: build_vpdkrwfvcjkrn5j4sf9d8t54BeanInfo> (0x00000000895af3b0) 
thrown [s\src\hotspot\share\classfile\systemDictionary.cpp, line 256]
Event: 19.563 Thread 0x000002c531407190 Exception <a 'java/lang/ClassNotFoundException'{0x00000000895baa60}: build_vpdkrwfvcjkrn5j4sf9d8t54Customizer> (0x00000000895baa60) 
thrown [s\src\hotspot\share\classfile\systemDictionary.cpp, line 256]
Event: 20.439 Thread 0x000002c531407190 Implicit null exception at 0x000002c507c5f80c to 0x000002c507c5f942
Event: 20.607 Thread 0x000002c531407190 Exception <a 'sun/nio/fs/WindowsException'{0x000000008b4dced8}> (0x000000008b4dced8) 
thrown [s\src\hotspot\share\prims\jni.cpp, line 516]
Event: 21.317 Thread 0x000002c531407190 Implicit null exception at 0x000002c507b33648 to 0x000002c507b33708
Event: 21.447 Thread 0x000002c531407190 Exception <a 'java/lang/NoSuchMethodError'{0x000000008dd866c8}: static Lorg/jetbrains/kotlin/gradle/plugin/internal/DefaultConfigurationTimePropertiesAccessorVariantFactory;.<clinit>()V> (0x000000008dd866c8) 
thrown [s\src\hotspot\share\prims\jni.cpp, line 1107]
Event: 21.448 Thread 0x000002c531407190 Exception <a 'java/lang/NoSuchMethodError'{0x000000008dda4210}: static Lorg/jetbrains/kotlin/gradle/plugin/internal/DefaultProjectIsolationStartParameterAccessorVariantFactory;.<clinit>()V> (0x000000008dda4210) 
thrown [s\src\hotspot\share\prims\jni.cpp, line 1107]
Event: 21.448 Thread 0x000002c531407190 Exception <a 'java/lang/NoSuchMethodError'{0x000000008ddc9360}: static Lorg/jetbrains/kotlin/gradle/plugin/internal/DefaultArtifactTypeAttributeAccessorVariantFactory;.<clinit>()V> (0x000000008ddc9360) 
thrown [s\src\hotspot\share\prims\jni.cpp, line 1107]
Event: 21.449 Thread 0x000002c531407190 Exception <a 'java/lang/NoSuchMethodError'{0x000000008ddee198}: static Lorg/jetbrains/kotlin/gradle/plugin/internal/DefaultCompatibilityConventionRegistrar$Factory;.<clinit>()V> (0x000000008ddee198) 
thrown [s\src\hotspot\share\prims\jni.cpp, line 1107]
Event: 21.450 Thread 0x000002c531407190 Exception <a 'java/lang/NoSuchMethodError'{0x000000008dc0ce58}: static Lorg/jetbrains/kotlin/gradle/plugin/internal/DefaultJavaSourceSetsAccessorVariantFactory;.<clinit>()V> (0x000000008dc0ce58) 
thrown [s\src\hotspot\share\prims\jni.cpp, line 1107]
Event: 21.451 Thread 0x000002c531407190 Exception <a 'java/lang/NoSuchMethodError'{0x000000008dc2ac88}: static Lorg/jetbrains/kotlin/gradle/plugin/internal/DefaultIdeaSyncDetectorVariantFactory;.<clinit>()V> (0x000000008dc2ac88) 
thrown [s\src\hotspot\share\prims\jni.cpp, line 1107]
Event: 21.451 Thread 0x000002c531407190 Exception <a 'java/lang/NoSuchMethodError'{0x000000008dc49ef0}: static Lorg/jetbrains/kotlin/gradle/plugin/internal/DefaultKotlinTestReportCompatibilityHelperVariantFactory;.<clinit>()V> (0x000000008dc49ef0) 
thrown [s\src\hotspot\share\prims\jni.cpp, line 1107]
Event: 21.452 Thread 0x000002c531407190 Exception <a 'java/lang/NoSuchMethodError'{0x000000008dc68be8}: static Lorg/jetbrains/kotlin/gradle/plugin/internal/DefaultMppTestReportHelperVariantFactory;.<clinit>()V> (0x000000008dc68be8) 
thrown [s\src\hotspot\share\prims\jni.cpp, line 1107]
Event: 21.453 Thread 0x000002c531407190 Exception <a 'java/lang/NoSuchMethodError'{0x000000008dc8e420}: static Lorg/jetbrains/kotlin/gradle/plugin/internal/DefaultConfigurationCacheStartParameterAccessorVariantFactory;.<clinit>()V> (0x000000008dc8e420) 
thrown [s\src\hotspot\share\prims\jni.cpp, line 1107]
Event: 21.454 Thread 0x000002c531407190 Exception <a 'java/lang/NoSuchMethodError'{0x000000008dcadd78}: static Lorg/jetbrains/kotlin/gradle/plugin/internal/MavenPluginConfigurator$DefaultMavenPluginConfiguratorVariantFactory;.<clinit>()V> (0x000000008dcadd78) 
thrown [s\src\hotspot\share\prims\jni.cpp, line 1107]
Event: 21.454 Thread 0x000002c531407190 Exception <a 'java/lang/NoSuchMethodError'{0x000000008dccbc00}: static Lorg/jetbrains/kotlin/gradle/targets/js/nodejs/DefaultUnameExecutorVariantFactory;.<clinit>()V> (0x000000008dccbc00) 
thrown [s\src\hotspot\share\prims\jni.cpp, line 1107]
Event: 21.455 Thread 0x000002c531407190 Exception <a 'java/lang/NoSuchMethodError'{0x000000008dcea470}: static Lorg/jetbrains/kotlin/gradle/plugin/internal/DefaultBasePluginConfigurationVariantFactory;.<clinit>()V> (0x000000008dcea470) 
thrown [s\src\hotspot\share\prims\jni.cpp, line 1107]

VM Operations (20 events):
Event: 19.019 Executing VM operation: ICBufferFull
Event: 19.019 Executing VM operation: ICBufferFull done
Event: 19.199 Executing VM operation: ICBufferFull
Event: 19.212 Executing VM operation: ICBufferFull done
Event: 19.269 Executing VM operation: HandshakeAllThreads
Event: 19.269 Executing VM operation: HandshakeAllThreads done
Event: 19.393 Executing VM operation: ICBufferFull
Event: 19.393 Executing VM operation: ICBufferFull done
Event: 19.730 Executing VM operation: G1CollectForAllocation
Event: 19.744 Executing VM operation: G1CollectForAllocation done
Event: 19.764 Executing VM operation: G1CollectForAllocation
Event: 19.772 Executing VM operation: G1CollectForAllocation done
Event: 20.392 Executing VM operation: HandshakeAllThreads
Event: 20.393 Executing VM operation: HandshakeAllThreads done
Event: 20.450 Executing VM operation: HandshakeAllThreads
Event: 20.450 Executing VM operation: HandshakeAllThreads done
Event: 20.807 Executing VM operation: ICBufferFull
Event: 20.808 Executing VM operation: ICBufferFull done
Event: 21.115 Executing VM operation: G1CollectForAllocation
Event: 21.121 Executing VM operation: G1CollectForAllocation done

Events (20 events):
Event: 20.487 loading class sun/security/rsa/RSASignature$SHA256withRSA done
Event: 20.488 loading class sun/security/provider/DSA$SHA256withDSA
Event: 20.488 loading class sun/security/provider/DSA$SHA256withDSA done
Event: 20.504 loading class java/util/Base64
Event: 20.505 loading class java/util/Base64 done
Event: 20.505 loading class java/util/Base64$Decoder
Event: 20.505 loading class java/util/Base64$Decoder done
Event: 20.505 loading class java/util/Base64$Encoder
Event: 20.505 loading class java/util/Base64$Encoder done
Event: 20.506 loading class java/util/jar/JarVerifier$VerifierStream
Event: 20.506 loading class java/util/jar/JarVerifier$VerifierStream done
Event: 20.506 loading class sun/security/util/ManifestEntryVerifier$SunProviderHolder
Event: 20.507 loading class sun/security/util/ManifestEntryVerifier$SunProviderHolder done
Event: 21.055 loading class java/security/KeyStore
Event: 21.056 loading class java/security/KeyStore done
Event: 21.056 loading class java/security/KeyStore$1
Event: 21.056 loading class java/security/KeyStore$1 done
Event: 21.261 loading class javax/xml/stream/XMLStreamException
Event: 21.262 loading class javax/xml/stream/XMLStreamException done
Event: 21.467 Thread 0x000002c534c513a0 Thread added: 0x000002c534c513a0


Dynamic libraries:
0x00007ff623950000 - 0x00007ff62395e000 	C:\Program Files\Microsoft\jdk-17.0.10.7-hotspot\bin\java.exe
0x00007ffe824f0000 - 0x00007ffe82707000 	C:\Windows\SYSTEM32\ntdll.dll
0x00007ffe81300000 - 0x00007ffe813c4000 	C:\Windows\System32\KERNEL32.DLL
0x00007ffe7fe40000 - 0x00007ffe801e7000 	C:\Windows\System32\KERNELBASE.dll
0x00007ffe7fc60000 - 0x00007ffe7fd71000 	C:\Windows\System32\ucrtbase.dll
0x00007ffe674d0000 - 0x00007ffe674eb000 	C:\Program Files\Microsoft\jdk-17.0.10.7-hotspot\bin\VCRUNTIME140.dll
0x00007ffe59800000 - 0x00007ffe59817000 	C:\Program Files\Microsoft\jdk-17.0.10.7-hotspot\bin\jli.dll
0x00007ffe81540000 - 0x00007ffe816ee000 	C:\Windows\System32\USER32.dll
0x00007ffe708d0000 - 0x00007ffe70b63000 	C:\Windows\WinSxS\amd64_microsoft.windows.common-controls_6595b64144ccf1df_6.0.22621.3527_none_270e469b73872a76\COMCTL32.dll
0x00007ffe7fbc0000 - 0x00007ffe7fbe6000 	C:\Windows\System32\win32u.dll
0x00007ffe81220000 - 0x00007ffe812c7000 	C:\Windows\System32\msvcrt.dll
0x00007ffe81460000 - 0x00007ffe81489000 	C:\Windows\System32\GDI32.dll
0x00007ffe7f890000 - 0x00007ffe7f9a9000 	C:\Windows\System32\gdi32full.dll
0x00007ffe7fb20000 - 0x00007ffe7fbba000 	C:\Windows\System32\msvcp_win.dll
0x00007ffe80380000 - 0x00007ffe803b1000 	C:\Windows\System32\IMM32.DLL
0x00007ffe59c20000 - 0x00007ffe59c2c000 	C:\Program Files\Microsoft\jdk-17.0.10.7-hotspot\bin\vcruntime140_1.dll
0x00007ffe39ef0000 - 0x00007ffe39f7d000 	C:\Program Files\Microsoft\jdk-17.0.10.7-hotspot\bin\msvcp140.dll
0x00007ffe04640000 - 0x00007ffe052a5000 	C:\Program Files\Microsoft\jdk-17.0.10.7-hotspot\bin\server\jvm.dll
0x00007ffe816f0000 - 0x00007ffe817a2000 	C:\Windows\System32\ADVAPI32.dll
0x00007ffe81490000 - 0x00007ffe81538000 	C:\Windows\System32\sechost.dll
0x00007ffe801f0000 - 0x00007ffe80218000 	C:\Windows\System32\bcrypt.dll
0x00007ffe81100000 - 0x00007ffe81215000 	C:\Windows\System32\RPCRT4.dll
0x00007ffe79aa0000 - 0x00007ffe79aa9000 	C:\Windows\SYSTEM32\WSOCK32.dll
0x00007ffe7f6d0000 - 0x00007ffe7f71d000 	C:\Windows\SYSTEM32\POWRPROF.dll
0x00007ffe77bd0000 - 0x00007ffe77c04000 	C:\Windows\SYSTEM32\WINMM.dll
0x00007ffe813e0000 - 0x00007ffe81451000 	C:\Windows\System32\WS2_32.dll
0x00007ffe77b80000 - 0x00007ffe77b8a000 	C:\Windows\SYSTEM32\VERSION.dll
0x00007ffe7f6b0000 - 0x00007ffe7f6c3000 	C:\Windows\SYSTEM32\UMPDC.dll
0x00007ffe7e830000 - 0x00007ffe7e848000 	C:\Windows\SYSTEM32\kernel.appcore.dll
0x00007ffe59680000 - 0x00007ffe5968a000 	C:\Program Files\Microsoft\jdk-17.0.10.7-hotspot\bin\jimage.dll
0x00007ffe7d1f0000 - 0x00007ffe7d422000 	C:\Windows\SYSTEM32\DBGHELP.DLL
0x00007ffe817b0000 - 0x00007ffe81b38000 	C:\Windows\System32\combase.dll
0x00007ffe81c20000 - 0x00007ffe81cf7000 	C:\Windows\System32\OLEAUT32.dll
0x00007ffe64ca0000 - 0x00007ffe64cd2000 	C:\Windows\SYSTEM32\dbgcore.DLL
0x00007ffe7f810000 - 0x00007ffe7f889000 	C:\Windows\System32\bcryptPrimitives.dll
0x00007ffe55c10000 - 0x00007ffe55c1e000 	C:\Program Files\Microsoft\jdk-17.0.10.7-hotspot\bin\instrument.dll
0x00007ffe542b0000 - 0x00007ffe542d5000 	C:\Program Files\Microsoft\jdk-17.0.10.7-hotspot\bin\java.dll
0x00007ffe04560000 - 0x00007ffe04637000 	C:\Program Files\Microsoft\jdk-17.0.10.7-hotspot\bin\jsvml.dll
0x00007ffe803c0000 - 0x00007ffe80c1c000 	C:\Windows\System32\SHELL32.dll
0x00007ffe7d720000 - 0x00007ffe7e016000 	C:\Windows\SYSTEM32\windows.storage.dll
0x00007ffe7d5e0000 - 0x00007ffe7d71e000 	C:\Windows\SYSTEM32\wintypes.dll
0x00007ffe82390000 - 0x00007ffe82485000 	C:\Windows\System32\SHCORE.dll
0x00007ffe81d00000 - 0x00007ffe81d5e000 	C:\Windows\System32\shlwapi.dll
0x00007ffe7f740000 - 0x00007ffe7f761000 	C:\Windows\SYSTEM32\profapi.dll
0x00007ffe509d0000 - 0x00007ffe509e8000 	C:\Program Files\Microsoft\jdk-17.0.10.7-hotspot\bin\zip.dll
0x00007ffe54bd0000 - 0x00007ffe54be9000 	C:\Program Files\Microsoft\jdk-17.0.10.7-hotspot\bin\net.dll
0x00007ffe79dd0000 - 0x00007ffe79f06000 	C:\Windows\SYSTEM32\WINHTTP.dll
0x00007ffe7eca0000 - 0x00007ffe7ed09000 	C:\Windows\system32\mswsock.dll
0x00007ffe53360000 - 0x00007ffe53376000 	C:\Program Files\Microsoft\jdk-17.0.10.7-hotspot\bin\nio.dll
0x00007ffe58840000 - 0x00007ffe58850000 	C:\Program Files\Microsoft\jdk-17.0.10.7-hotspot\bin\verify.dll
0x00007ffe588a0000 - 0x00007ffe588c7000 	C:\Users\ihabg\.gradle\native\c067742578af261105cb4f569cf0c3c89f3d7b1fecec35dd04571415982c5e48\windows-amd64\native-platform.dll
0x00007ffe041c0000 - 0x00007ffe04304000 	C:\Users\ihabg\.gradle\native\38dada09dfb8b06ba9b0570ebf7e218e3eb74d4ef43ca46872605cf95ebc2f47\windows-amd64\native-platform-file-events.dll
0x00007ffe53ed0000 - 0x00007ffe53ed9000 	C:\Program Files\Microsoft\jdk-17.0.10.7-hotspot\bin\management.dll
0x00007ffe53e70000 - 0x00007ffe53e7b000 	C:\Program Files\Microsoft\jdk-17.0.10.7-hotspot\bin\management_ext.dll
0x00007ffe80ff0000 - 0x00007ffe80ff8000 	C:\Windows\System32\PSAPI.DLL
0x00007ffe7ef00000 - 0x00007ffe7ef1b000 	C:\Windows\SYSTEM32\CRYPTSP.dll
0x00007ffe7e790000 - 0x00007ffe7e7c5000 	C:\Windows\system32\rsaenh.dll
0x00007ffe7eda0000 - 0x00007ffe7edc8000 	C:\Windows\SYSTEM32\USERENV.dll
0x00007ffe7ef20000 - 0x00007ffe7ef2c000 	C:\Windows\SYSTEM32\CRYPTBASE.dll
0x00007ffe7e280000 - 0x00007ffe7e2ad000 	C:\Windows\SYSTEM32\IPHLPAPI.DLL
0x00007ffe813d0000 - 0x00007ffe813d9000 	C:\Windows\System32\NSI.dll
0x00007ffe79900000 - 0x00007ffe79919000 	C:\Windows\SYSTEM32\dhcpcsvc6.DLL
0x00007ffe79850000 - 0x00007ffe7986f000 	C:\Windows\SYSTEM32\dhcpcsvc.DLL
0x00007ffe7e2f0000 - 0x00007ffe7e3e8000 	C:\Windows\SYSTEM32\DNSAPI.dll
0x00007ffe53b20000 - 0x00007ffe53b29000 	C:\Program Files\Microsoft\jdk-17.0.10.7-hotspot\bin\extnet.dll
0x00007ffe55c00000 - 0x00007ffe55c0e000 	C:\Program Files\Microsoft\jdk-17.0.10.7-hotspot\bin\sunmscapi.dll
0x00007ffe7f9b0000 - 0x00007ffe7fb18000 	C:\Windows\System32\CRYPT32.dll
0x00007ffe7f0c0000 - 0x00007ffe7f0ee000 	C:\Windows\SYSTEM32\ncrypt.dll
0x00007ffe7f080000 - 0x00007ffe7f0b7000 	C:\Windows\SYSTEM32\NTASN1.dll
0x00007ffe68600000 - 0x00007ffe68608000 	C:\Windows\system32\wshunix.dll
0x00007ffe5f0a0000 - 0x00007ffe5f0b7000 	C:\Windows\system32\napinsp.dll
0x00007ffe5dcf0000 - 0x00007ffe5dd0b000 	C:\Windows\system32\pnrpnsp.dll
0x00007ffe5dcd0000 - 0x00007ffe5dce1000 	C:\Windows\System32\winrnr.dll
0x00007ffe5dcb0000 - 0x00007ffe5dcc5000 	C:\Windows\system32\wshbth.dll
0x00007ffe5dc80000 - 0x00007ffe5dca7000 	C:\Windows\system32\nlansp_c.dll
0x00007ffe6c1b0000 - 0x00007ffe6c1ba000 	C:\Windows\System32\rasadhlp.dll
0x00007ffe786f0000 - 0x00007ffe78773000 	C:\Windows\System32\fwpuclnt.dll

dbghelp: loaded successfully - version: 4.0.5 - missing functions: none
symbol engine: initialized successfully - sym options: 0x614 - pdb path: .;C:\Program Files\Microsoft\jdk-17.0.10.7-hotspot\bin;C:\Windows\SYSTEM32;C:\Windows\WinSxS\amd64_microsoft.windows.common-controls_6595b64144ccf1df_6.0.22621.3527_none_270e469b73872a76;C:\Program Files\Microsoft\jdk-17.0.10.7-hotspot\bin\server;C:\Users\ihabg\.gradle\native\c067742578af261105cb4f569cf0c3c89f3d7b1fecec35dd04571415982c5e48\windows-amd64;C:\Users\ihabg\.gradle\native\38dada09dfb8b06ba9b0570ebf7e218e3eb74d4ef43ca46872605cf95ebc2f47\windows-amd64

VM Arguments:
jvm_args: -XX:MaxMetaspaceSize=512m --add-opens=java.base/java.util=ALL-UNNAMED --add-opens=java.base/java.lang=ALL-UNNAMED --add-opens=java.base/java.lang.invoke=ALL-UNNAMED --add-opens=java.prefs/java.util.prefs=ALL-UNNAMED --add-opens=java.base/java.nio.charset=ALL-UNNAMED --add-opens=java.base/java.net=ALL-UNNAMED --add-opens=java.base/java.util.concurrent.atomic=ALL-UNNAMED -Xmx2048m -Dfile.encoding=windows-1252 -Duser.country=FR -Duser.language=fr -Duser.variant -javaagent:C:\Users\ihabg\.gradle\wrapper\dists\gradle-8.6-all\3mbtmo166bl6vumsh5k2lkq5h\gradle-8.6\lib\agents\gradle-instrumentation-agent-8.6.jar 
java_command: org.gradle.launcher.daemon.bootstrap.GradleDaemon 8.6
java_class_path (initial): C:\Users\ihabg\.gradle\wrapper\dists\gradle-8.6-all\3mbtmo166bl6vumsh5k2lkq5h\gradle-8.6\lib\gradle-launcher-8.6.jar
Launcher Type: SUN_STANDARD

[Global flags]
     intx CICompilerCount                          = 4                                         {product} {ergonomic}
   size_t CompressedClassSpaceSize                 = 436207616                                 {product} {ergonomic}
     uint ConcGCThreads                            = 3                                         {product} {ergonomic}
     uint G1ConcRefinementThreads                  = 10                                        {product} {ergonomic}
   size_t G1HeapRegionSize                         = 1048576                                   {product} {ergonomic}
    uintx GCDrainStackTargetSize                   = 64                                        {product} {ergonomic}
   size_t InitialHeapSize                          = 98566144                                  {product} {ergonomic}
   size_t MarkStackSize                            = 4194304                                   {product} {ergonomic}
   size_t MaxHeapSize                              = 2147483648                                {product} {command line}
   size_t MaxMetaspaceSize                         = 536870912                                 {product} {command line}
   size_t MaxNewSize                               = 1287651328                                {product} {ergonomic}
   size_t MinHeapDeltaBytes                        = 1048576                                   {product} {ergonomic}
   size_t MinHeapSize                              = 8388608                                   {product} {ergonomic}
    uintx NonNMethodCodeHeapSize                   = 5839372                                {pd product} {ergonomic}
    uintx NonProfiledCodeHeapSize                  = 122909434                              {pd product} {ergonomic}
    uintx ProfiledCodeHeapSize                     = 122909434                              {pd product} {ergonomic}
    uintx ReservedCodeCacheSize                    = 251658240                              {pd product} {ergonomic}
     bool SegmentedCodeCache                       = true                                      {product} {ergonomic}
   size_t SoftMaxHeapSize                          = 2147483648                             {manageable} {ergonomic}
     bool UseCompressedClassPointers               = true                           {product lp64_product} {ergonomic}
     bool UseCompressedOops                        = true                           {product lp64_product} {ergonomic}
     bool UseG1GC                                  = true                                      {product} {ergonomic}
     bool UseLargePagesIndividualAllocation        = false                                  {pd product} {ergonomic}

Logging:
Log output configuration:
 #0: stdout all=warning uptime,level,tags
 #1: stderr all=off uptime,level,tags

Environment Variables:
JAVA_HOME=C:\Program Files\Microsoft\jdk-17.0.10.7-hotspot\
CLASSPATH=C:\Users\ihabg\OneDrive\Bureau\9ahwejni\client\android\\gradle\wrapper\gradle-wrapper.jar
PATH=C:\Users\ihabg\OneDrive\Bureau\9ahwejni\client\node_modules\.bin;C:\Users\ihabg\OneDrive\Bureau\9ahwejni\node_modules\.bin;C:\Users\ihabg\OneDrive\Bureau\node_modules\.bin;C:\Users\ihabg\OneDrive\node_modules\.bin;C:\Users\ihabg\node_modules\.bin;C:\Users\node_modules\.bin;C:\node_modules\.bin;C:\Program Files\nodejs\node_modules\npm\node_modules\@npmcli\run-script\lib\node-gyp-bin;C:\Users\ihabg\bin;C:\Program Files\Git\mingw64\bin;C:\Program Files\Git\usr\local\bin;C:\Program Files\Git\usr\bin;C:\Program Files\Git\usr\bin;C:\Program Files\Git\mingw64\bin;C:\Program Files\Git\usr\bin;C:\Users\ihabg\bin;C:\Program Files\Microsoft\jdk-17.0.10.7-hotspot\bin;C:\Windows\system32;C:\Windows;C:\Windows\System32\Wbem;C:\Windows\System32\WindowsPowerShell\v1.0;C:\Windows\System32\OpenSSH;C:\Program Files (x86)\NVIDIA Corporation\PhysX\Common;C:\Program Files\NVIDIA Corporation\NVIDIA NvDLISR;C:\Program Files\Git\cmd;C:\Program Files\nodejs;C:\ProgramData\chocolatey\bin;C:\Users\ihabg\AppData\Local\Android\Sdk\platform-tools;C:\Users\ihabg\AppData\Local\Microsoft\WindowsApps;C:\Users\ihabg\AppData\Local\Programs\Microsoft VS Code\bin;C:\Users\ihabg\AppData\Roaming\npm;C:\Program Files\MySQL\MySQL Server 8.0\bin;C:\Program Files\Git\usr\bin\vendor_perl;C:\Program Files\Git\usr\bin\core_perl
USERNAME=ihabg
SHELL=C:\Program Files\Git\usr\bin\bash.exe
DISPLAY=needs-to-be-defined
LANG=en_US.UTF-8
LC_CTYPE=fr_FR.UTF-8
TERM=xterm
TMPDIR=C:\Users\ihabg\AppData\Local\Temp
OS=Windows_NT
PROCESSOR_IDENTIFIER=AMD64 Family 25 Model 80 Stepping 0, AuthenticAMD
TMP=C:\Users\ihabg\AppData\Local\Temp
TEMP=C:\Users\ihabg\AppData\Local\Temp



Periodic native trim disabled


---------------  S Y S T E M  ---------------

OS:
 Windows 11 , 64 bit Build 22621 (10.0.22621.3527)
OS uptime: 1 days 6:25 hours

CPU: total 12 (initial active 12) (12 cores per cpu, 2 threads per core) family 25 model 80 stepping 0 microcode 0x0, cx8, cmov, fxsr, ht, mmx, 3dnowpref, sse, sse2, sse3, ssse3, sse4a, sse4.1, sse4.2, popcnt, lzcnt, tsc, tscinvbit, avx, avx2, aes, erms, clmul, bmi1, bmi2, adx, sha, fma, vzeroupper, clflush, clflushopt
Processor Information for all 12 processors :
  Max Mhz: 3301, Current Mhz: 3301, Mhz Limit: 3301

Memory: 4k page, system-wide physical 5996M (4M free)
TotalPageFile size 24428M (AvailPageFile size 1M)
current process WorkingSet (physical memory assigned to process): 372M, peak: 373M
current process commit charge ("private bytes"): 525M, peak: 526M

vm_info: OpenJDK 64-Bit Server VM (17.0.10+7-LTS) for windows-amd64 JRE (17.0.10+7-LTS), built on Jan 10 2024 19:47:12 by "MicrosoftCorporation" with MS VC++ 16.10 / 16.11 (VS2019)

END.
